{"/home/travis/build/npmtest/node-npmtest-ast-types/test.js":{"path":"/home/travis/build/npmtest/node-npmtest-ast-types/test.js","s":{"1":2,"2":2,"3":2,"4":2,"5":2,"6":2,"7":2,"8":1,"9":2,"10":2,"11":1,"12":1,"13":1,"14":1,"15":2,"16":2,"17":2,"18":2,"19":1,"20":1,"21":2,"22":2,"23":2,"24":1,"25":1,"26":1,"27":1,"28":1,"29":1,"30":1,"31":1,"32":1,"33":1,"34":1,"35":1,"36":1,"37":1,"38":1,"39":2,"40":2,"41":1,"42":2,"43":2,"44":1,"45":2,"46":2,"47":1,"48":2,"49":2,"50":1,"51":1,"52":1,"53":1,"54":1},"b":{"1":[2,1,1,1],"2":[1,1,1,1],"3":[1,1],"4":[1,1],"5":[1,1],"6":[1,1],"7":[1,1],"8":[1,1],"9":[1,1],"10":[1,1,1],"11":[1,1],"12":[1,1],"13":[1,1],"14":[1,1],"15":[1,1],"16":[1,1],"17":[1,1]},"f":{"1":2,"2":2,"3":2,"4":2,"5":2,"6":1,"7":1,"8":1,"9":2,"10":2,"11":2,"12":2,"13":1},"fnMap":{"1":{"name":"(anonymous_1)","line":12,"loc":{"start":{"line":12,"column":1},"end":{"line":12,"column":13}}},"2":{"name":"(anonymous_2)","line":19,"loc":{"start":{"line":19,"column":5},"end":{"line":19,"column":17}}},"3":{"name":"(anonymous_3)","line":23,"loc":{"start":{"line":23,"column":24},"end":{"line":23,"column":36}}},"4":{"name":"(anonymous_4)","line":61,"loc":{"start":{"line":61,"column":5},"end":{"line":61,"column":17}}},"5":{"name":"(anonymous_5)","line":82,"loc":{"start":{"line":82,"column":5},"end":{"line":82,"column":17}}},"6":{"name":"(anonymous_6)","line":91,"loc":{"start":{"line":91,"column":77},"end":{"line":94,"column":10}}},"7":{"name":"(anonymous_7)","line":112,"loc":{"start":{"line":112,"column":83},"end":{"line":115,"column":10}},"skip":true},"8":{"name":"(anonymous_8)","line":123,"loc":{"start":{"line":123,"column":77},"end":{"line":126,"column":10}},"skip":true},"9":{"name":"(anonymous_9)","line":139,"loc":{"start":{"line":139,"column":12},"end":{"line":139,"column":40}},"skip":true},"10":{"name":"(anonymous_10)","line":147,"loc":{"start":{"line":147,"column":77},"end":{"line":150,"column":10}},"skip":true},"11":{"name":"(anonymous_11)","line":158,"loc":{"start":{"line":158,"column":83},"end":{"line":161,"column":10}},"skip":true},"12":{"name":"(anonymous_12)","line":169,"loc":{"start":{"line":169,"column":79},"end":{"line":172,"column":10}},"skip":true},"13":{"name":"(anonymous_13)","line":180,"loc":{"start":{"line":180,"column":75},"end":{"line":183,"column":10}},"skip":true}},"statementMap":{"1":{"start":{"line":12,"column":0},"end":{"line":195,"column":5}},"2":{"start":{"line":14,"column":4},"end":{"line":14,"column":14}},"3":{"start":{"line":19,"column":4},"end":{"line":56,"column":9}},"4":{"start":{"line":21,"column":8},"end":{"line":21,"column":19}},"5":{"start":{"line":23,"column":8},"end":{"line":35,"column":13}},"6":{"start":{"line":24,"column":12},"end":{"line":34,"column":13}},"7":{"start":{"line":25,"column":16},"end":{"line":28,"column":30}},"8":{"start":{"line":30,"column":16},"end":{"line":33,"column":27}},"9":{"start":{"line":37,"column":8},"end":{"line":39,"column":21}},"10":{"start":{"line":40,"column":8},"end":{"line":53,"column":9}},"11":{"start":{"line":43,"column":12},"end":{"line":46,"column":14}},"12":{"start":{"line":47,"column":12},"end":{"line":47,"column":18}},"13":{"start":{"line":50,"column":12},"end":{"line":51,"column":33}},"14":{"start":{"line":52,"column":12},"end":{"line":52,"column":18}},"15":{"start":{"line":55,"column":8},"end":{"line":55,"column":35}},"16":{"start":{"line":61,"column":4},"end":{"line":63,"column":9}},"17":{"start":{"line":62,"column":8},"end":{"line":62,"column":15}},"18":{"start":{"line":64,"column":4},"end":{"line":77,"column":5}},"19":{"start":{"line":70,"column":8},"end":{"line":70,"column":14}},"20":{"start":{"line":76,"column":8},"end":{"line":76,"column":14}},"21":{"start":{"line":82,"column":4},"end":{"line":84,"column":9}},"22":{"start":{"line":83,"column":8},"end":{"line":83,"column":15}},"23":{"start":{"line":85,"column":4},"end":{"line":194,"column":5}},"24":{"start":{"line":91,"column":8},"end":{"line":99,"column":10}},"25":{"start":{"line":98,"column":12},"end":{"line":98,"column":35}},"26":{"start":{"line":102,"column":8},"end":{"line":104,"column":63}},"27":{"start":{"line":105,"column":8},"end":{"line":105,"column":14}},"28":{"start":{"line":112,"column":8},"end":{"line":121,"column":10},"skip":true},"29":{"start":{"line":119,"column":12},"end":{"line":119,"column":55},"skip":true},"30":{"start":{"line":120,"column":12},"end":{"line":120,"column":48},"skip":true},"31":{"start":{"line":123,"column":8},"end":{"line":136,"column":10},"skip":true},"32":{"start":{"line":130,"column":12},"end":{"line":130,"column":76},"skip":true},"33":{"start":{"line":131,"column":12},"end":{"line":131,"column":73},"skip":true},"34":{"start":{"line":132,"column":12},"end":{"line":132,"column":74},"skip":true},"35":{"start":{"line":133,"column":12},"end":{"line":133,"column":79},"skip":true},"36":{"start":{"line":134,"column":12},"end":{"line":134,"column":25},"skip":true},"37":{"start":{"line":135,"column":12},"end":{"line":135,"column":45},"skip":true},"38":{"start":{"line":138,"column":8},"end":{"line":145,"column":14},"skip":true},"39":{"start":{"line":143,"column":16},"end":{"line":143,"column":29},"skip":true},"40":{"start":{"line":144,"column":16},"end":{"line":144,"column":55},"skip":true},"41":{"start":{"line":147,"column":8},"end":{"line":156,"column":10},"skip":true},"42":{"start":{"line":154,"column":12},"end":{"line":154,"column":25},"skip":true},"43":{"start":{"line":155,"column":12},"end":{"line":155,"column":45},"skip":true},"44":{"start":{"line":158,"column":8},"end":{"line":167,"column":10},"skip":true},"45":{"start":{"line":165,"column":12},"end":{"line":165,"column":25},"skip":true},"46":{"start":{"line":166,"column":12},"end":{"line":166,"column":48},"skip":true},"47":{"start":{"line":169,"column":8},"end":{"line":178,"column":10},"skip":true},"48":{"start":{"line":176,"column":12},"end":{"line":176,"column":25},"skip":true},"49":{"start":{"line":177,"column":12},"end":{"line":177,"column":46},"skip":true},"50":{"start":{"line":180,"column":8},"end":{"line":189,"column":10},"skip":true},"51":{"start":{"line":187,"column":12},"end":{"line":187,"column":94},"skip":true},"52":{"start":{"line":188,"column":12},"end":{"line":188,"column":48},"skip":true},"53":{"start":{"line":192,"column":8},"end":{"line":192,"column":35},"skip":true},"54":{"start":{"line":193,"column":8},"end":{"line":193,"column":14},"skip":true}},"branchMap":{"1":{"line":25,"type":"binary-expr","locations":[{"start":{"line":25,"column":23},"end":{"line":25,"column":62}},{"start":{"line":26,"column":20},"end":{"line":26,"column":70}},{"start":{"line":27,"column":20},"end":{"line":27,"column":71}},{"start":{"line":28,"column":20},"end":{"line":28,"column":29}}]},"2":{"line":30,"type":"binary-expr","locations":[{"start":{"line":30,"column":23},"end":{"line":30,"column":37}},{"start":{"line":31,"column":20},"end":{"line":31,"column":61}},{"start":{"line":32,"column":20},"end":{"line":32,"column":70}},{"start":{"line":33,"column":20},"end":{"line":33,"column":26}}]},"3":{"line":37,"type":"cond-expr","locations":[{"start":{"line":38,"column":14},"end":{"line":38,"column":20}},{"start":{"line":39,"column":14},"end":{"line":39,"column":20}}]},"4":{"line":40,"type":"switch","locations":[{"start":{"line":42,"column":8},"end":{"line":47,"column":18}},{"start":{"line":49,"column":8},"end":{"line":52,"column":18}}]},"5":{"line":44,"type":"binary-expr","locations":[{"start":{"line":44,"column":16},"end":{"line":44,"column":44}},{"start":{"line":44,"column":48},"end":{"line":44,"column":66}}]},"6":{"line":50,"type":"binary-expr","locations":[{"start":{"line":50,"column":21},"end":{"line":50,"column":49}},{"start":{"line":50,"column":53},"end":{"line":50,"column":72}}]},"7":{"line":64,"type":"switch","locations":[{"start":{"line":69,"column":4},"end":{"line":70,"column":14}},{"start":{"line":75,"column":4},"end":{"line":76,"column":14}}]},"8":{"line":85,"type":"switch","locations":[{"start":{"line":90,"column":4},"end":{"line":105,"column":14}},{"start":{"line":111,"column":4},"end":{"line":193,"column":14},"skip":true}]},"9":{"line":91,"type":"binary-expr","locations":[{"start":{"line":91,"column":42},"end":{"line":91,"column":73}},{"start":{"line":91,"column":77},"end":{"line":99,"column":9}}]},"10":{"line":102,"type":"binary-expr","locations":[{"start":{"line":102,"column":18},"end":{"line":102,"column":32}},{"start":{"line":103,"column":12},"end":{"line":103,"column":53}},{"start":{"line":104,"column":12},"end":{"line":104,"column":61}}]},"11":{"line":112,"type":"binary-expr","locations":[{"start":{"line":112,"column":45},"end":{"line":112,"column":79},"skip":true},{"start":{"line":112,"column":83},"end":{"line":121,"column":9},"skip":true}]},"12":{"line":123,"type":"binary-expr","locations":[{"start":{"line":123,"column":42},"end":{"line":123,"column":73},"skip":true},{"start":{"line":123,"column":77},"end":{"line":136,"column":9},"skip":true}]},"13":{"line":138,"type":"binary-expr","locations":[{"start":{"line":138,"column":48},"end":{"line":138,"column":85},"skip":true},{"start":{"line":139,"column":12},"end":{"line":145,"column":13},"skip":true}]},"14":{"line":147,"type":"binary-expr","locations":[{"start":{"line":147,"column":42},"end":{"line":147,"column":73},"skip":true},{"start":{"line":147,"column":77},"end":{"line":156,"column":9},"skip":true}]},"15":{"line":158,"type":"binary-expr","locations":[{"start":{"line":158,"column":45},"end":{"line":158,"column":79},"skip":true},{"start":{"line":158,"column":83},"end":{"line":167,"column":9},"skip":true}]},"16":{"line":169,"type":"binary-expr","locations":[{"start":{"line":169,"column":43},"end":{"line":169,"column":75},"skip":true},{"start":{"line":169,"column":79},"end":{"line":178,"column":9},"skip":true}]},"17":{"line":180,"type":"binary-expr","locations":[{"start":{"line":180,"column":41},"end":{"line":180,"column":71},"skip":true},{"start":{"line":180,"column":75},"end":{"line":189,"column":9},"skip":true}]}},"code":["/* istanbul instrument in package npmtest_ast_types */","/*jslint","    bitwise: true,","    browser: true,","    maxerr: 8,","    maxlen: 96,","    node: true,","    nomen: true,","    regexp: true,","    stupid: true","*/","(function () {","    'use strict';","    var local;","","","","    // run shared js-env code - init-before","    (function () {","        // init local","        local = {};","        // init modeJs","        local.modeJs = (function () {","            try {","                return typeof navigator.userAgent === 'string' &&","                    typeof document.querySelector('body') === 'object' &&","                    typeof XMLHttpRequest.prototype.open === 'function' &&","                    'browser';","            } catch (errorCaughtBrowser) {","                return module.exports &&","                    typeof process.versions.node === 'string' &&","                    typeof require('http').createServer === 'function' &&","                    'node';","            }","        }());","        // init global","        local.global = local.modeJs === 'browser'","            ? window","            : global;","        switch (local.modeJs) {","        // re-init local from window.local","        case 'browser':","            local = local.global.utility2.objectSetDefault(","                local.global.utility2_rollup || local.global.local,","                local.global.utility2","            );","            break;","        // re-init local from example.js","        case 'node':","            local = (local.global.utility2_rollup || require('utility2'))","                .requireReadme();","            break;","        }","        // export local","        local.global.local = local;","    }());","","","","    // run shared js-env code - function","    (function () {","        return;","    }());","    switch (local.modeJs) {","","","","    // run browser js-env code - function","    case 'browser':","        break;","","","","    // run node js-env code - function","    case 'node':","        break;","    }","","","","    // run shared js-env code - init-after","    (function () {","        return;","    }());","    switch (local.modeJs) {","","","","    // run browser js-env code - init-after","    case 'browser':","        local.testCase_browser_nullCase = local.testCase_browser_nullCase || function (","            options,","            onError","        ) {","        /*","         * this function will test browsers's null-case handling-behavior-behavior","         */","            onError(null, options);","        };","","        // run tests","        local.nop(local.modeTest &&","            document.querySelector('#testRunButton1') &&","            document.querySelector('#testRunButton1').click());","        break;","","","","    // run node js-env code - init-after","    /* istanbul ignore next */","    case 'node':","        local.testCase_buildApidoc_default = local.testCase_buildApidoc_default || function (","            options,","            onError","        ) {","        /*","         * this function will test buildApidoc's default handling-behavior-behavior","         */","            options = { modulePathList: module.paths };","            local.buildApidoc(options, onError);","        };","","        local.testCase_buildApp_default = local.testCase_buildApp_default || function (","            options,","            onError","        ) {","        /*","         * this function will test buildApp's default handling-behavior-behavior","         */","            local.testCase_buildReadme_default(options, local.onErrorThrow);","            local.testCase_buildLib_default(options, local.onErrorThrow);","            local.testCase_buildTest_default(options, local.onErrorThrow);","            local.testCase_buildCustomOrg_default(options, local.onErrorThrow);","            options = [];","            local.buildApp(options, onError);","        };","","        local.testCase_buildCustomOrg_default = local.testCase_buildCustomOrg_default ||","            function (options, onError) {","            /*","             * this function will test buildCustomOrg's default handling-behavior","             */","                options = {};","                local.buildCustomOrg(options, onError);","            };","","        local.testCase_buildLib_default = local.testCase_buildLib_default || function (","            options,","            onError","        ) {","        /*","         * this function will test buildLib's default handling-behavior","         */","            options = {};","            local.buildLib(options, onError);","        };","","        local.testCase_buildReadme_default = local.testCase_buildReadme_default || function (","            options,","            onError","        ) {","        /*","         * this function will test buildReadme's default handling-behavior-behavior","         */","            options = {};","            local.buildReadme(options, onError);","        };","","        local.testCase_buildTest_default = local.testCase_buildTest_default || function (","            options,","            onError","        ) {","        /*","         * this function will test buildTest's default handling-behavior","         */","            options = {};","            local.buildTest(options, onError);","        };","","        local.testCase_webpage_default = local.testCase_webpage_default || function (","            options,","            onError","        ) {","        /*","         * this function will test webpage's default handling-behavior","         */","            options = { modeCoverageMerge: true, url: local.serverLocalHost + '?modeTest=1' };","            local.browserTest(options, onError);","        };","","        // run test-server","        local.testRunServer(local);","        break;","    }","}());",""],"l":{"12":2,"14":2,"19":2,"21":2,"23":2,"24":2,"25":2,"30":1,"37":2,"40":2,"43":1,"47":1,"50":1,"52":1,"55":2,"61":2,"62":2,"64":2,"70":1,"76":1,"82":2,"83":2,"85":2,"91":1,"98":1,"102":1,"105":1,"112":1,"119":1,"120":1,"123":1,"130":1,"131":1,"132":1,"133":1,"134":1,"135":1,"138":1,"143":2,"144":2,"147":1,"154":2,"155":2,"158":1,"165":2,"166":2,"169":1,"176":2,"177":2,"180":1,"187":1,"188":1,"192":1,"193":1}},"/home/travis/build/npmtest/node-npmtest-ast-types/lib.npmtest_ast_types.js":{"path":"/home/travis/build/npmtest/node-npmtest-ast-types/lib.npmtest_ast_types.js","s":{"1":2,"2":2,"3":2,"4":2,"5":2,"6":2,"7":2,"8":1,"9":2,"10":2,"11":2,"12":2,"13":1,"14":1,"15":1,"16":1},"b":{"1":[2,1,1,1],"2":[1,1,1,1],"3":[1,1],"4":[2,2],"5":[1,1]},"f":{"1":2,"2":2,"3":2},"fnMap":{"1":{"name":"(anonymous_1)","line":12,"loc":{"start":{"line":12,"column":1},"end":{"line":12,"column":13}}},"2":{"name":"(anonymous_2)","line":19,"loc":{"start":{"line":19,"column":5},"end":{"line":19,"column":17}}},"3":{"name":"(anonymous_3)","line":23,"loc":{"start":{"line":23,"column":24},"end":{"line":23,"column":36}}}},"statementMap":{"1":{"start":{"line":12,"column":0},"end":{"line":53,"column":5}},"2":{"start":{"line":14,"column":4},"end":{"line":14,"column":14}},"3":{"start":{"line":19,"column":4},"end":{"line":52,"column":9}},"4":{"start":{"line":21,"column":8},"end":{"line":21,"column":19}},"5":{"start":{"line":23,"column":8},"end":{"line":35,"column":13}},"6":{"start":{"line":24,"column":12},"end":{"line":34,"column":13}},"7":{"start":{"line":25,"column":16},"end":{"line":28,"column":30}},"8":{"start":{"line":30,"column":16},"end":{"line":33,"column":27}},"9":{"start":{"line":37,"column":8},"end":{"line":39,"column":21}},"10":{"start":{"line":41,"column":8},"end":{"line":41,"column":54}},"11":{"start":{"line":43,"column":8},"end":{"line":43,"column":54}},"12":{"start":{"line":45,"column":8},"end":{"line":51,"column":9}},"13":{"start":{"line":46,"column":12},"end":{"line":46,"column":60}},"14":{"start":{"line":48,"column":12},"end":{"line":48,"column":35}},"15":{"start":{"line":49,"column":12},"end":{"line":49,"column":49}},"16":{"start":{"line":50,"column":12},"end":{"line":50,"column":43}}},"branchMap":{"1":{"line":25,"type":"binary-expr","locations":[{"start":{"line":25,"column":23},"end":{"line":25,"column":62}},{"start":{"line":26,"column":20},"end":{"line":26,"column":70}},{"start":{"line":27,"column":20},"end":{"line":27,"column":71}},{"start":{"line":28,"column":20},"end":{"line":28,"column":29}}]},"2":{"line":30,"type":"binary-expr","locations":[{"start":{"line":30,"column":23},"end":{"line":30,"column":37}},{"start":{"line":31,"column":20},"end":{"line":31,"column":61}},{"start":{"line":32,"column":20},"end":{"line":32,"column":70}},{"start":{"line":33,"column":20},"end":{"line":33,"column":26}}]},"3":{"line":37,"type":"cond-expr","locations":[{"start":{"line":38,"column":14},"end":{"line":38,"column":20}},{"start":{"line":39,"column":14},"end":{"line":39,"column":20}}]},"4":{"line":41,"type":"binary-expr","locations":[{"start":{"line":41,"column":16},"end":{"line":41,"column":44}},{"start":{"line":41,"column":48},"end":{"line":41,"column":53}}]},"5":{"line":45,"type":"if","locations":[{"start":{"line":45,"column":8},"end":{"line":45,"column":8}},{"start":{"line":45,"column":8},"end":{"line":45,"column":8}}]}},"code":["/* istanbul instrument in package npmtest_ast_types */","/*jslint","    bitwise: true,","    browser: true,","    maxerr: 8,","    maxlen: 96,","    node: true,","    nomen: true,","    regexp: true,","    stupid: true","*/","(function () {","    'use strict';","    var local;","","","","    // run shared js-env code - init-before","    (function () {","        // init local","        local = {};","        // init modeJs","        local.modeJs = (function () {","            try {","                return typeof navigator.userAgent === 'string' &&","                    typeof document.querySelector('body') === 'object' &&","                    typeof XMLHttpRequest.prototype.open === 'function' &&","                    'browser';","            } catch (errorCaughtBrowser) {","                return module.exports &&","                    typeof process.versions.node === 'string' &&","                    typeof require('http').createServer === 'function' &&","                    'node';","            }","        }());","        // init global","        local.global = local.modeJs === 'browser'","            ? window","            : global;","        // init utility2_rollup","        local = local.global.utility2_rollup || local;","        // init lib","        local.local = local.npmtest_ast_types = local;","        // init exports","        if (local.modeJs === 'browser') {","            local.global.utility2_npmtest_ast_types = local;","        } else {","            module.exports = local;","            module.exports.__dirname = __dirname;","            module.exports.module = module;","        }","    }());","}());",""],"l":{"12":2,"14":2,"19":2,"21":2,"23":2,"24":2,"25":2,"30":1,"37":2,"41":2,"43":2,"45":2,"46":1,"48":1,"49":1,"50":1}},"/home/travis/build/npmtest/node-npmtest-ast-types/example.js":{"path":"/home/travis/build/npmtest/node-npmtest-ast-types/example.js","s":{"1":2,"2":2,"3":2,"4":2,"5":2,"6":2,"7":2,"8":1,"9":2,"10":2,"11":2,"12":2,"13":1,"14":2,"15":2,"16":2,"17":2,"18":2,"19":0,"20":2,"21":1,"22":1,"23":1,"24":1,"25":1,"26":0,"27":0,"28":1,"29":1,"30":2,"31":0,"32":0,"33":0,"34":1,"35":2,"36":2,"37":3,"38":3,"39":3,"40":3,"41":0,"42":3,"43":3,"44":3,"45":1,"46":3,"47":1,"48":1,"49":1,"50":1,"51":1,"52":1,"53":1,"54":1,"55":1,"56":1,"57":0,"58":1,"59":6,"60":6,"61":1,"62":2,"63":0,"64":2,"65":1,"66":1,"67":0,"68":0,"69":0,"70":0,"71":0,"72":0,"73":0,"74":0,"75":0,"76":0,"77":0,"78":0,"79":0,"80":0,"81":0,"82":0,"83":0},"b":{"1":[2,1,1,1],"2":[1,1,1,1],"3":[1,1],"4":[2,2],"5":[1,1],"6":[1,1],"7":[2,0],"8":[2,1,1,1,1,1],"9":[0,2,0],"10":[1,1],"11":[2,1,1],"12":[1,0],"13":[0,2],"14":[2,0,0,0,0,0,0],"15":[0,3],"16":[3,0],"17":[1,1],"18":[0,1],"19":[1,2,0,2],"20":[1,0],"21":[1,1],"22":[0,0],"23":[0,0],"24":[0,0],"25":[0,0],"26":[0,0],"27":[0,0],"28":[0,0]},"f":{"1":2,"2":2,"3":2,"4":2,"5":2,"6":2,"7":3,"8":3,"9":3,"10":1,"11":6,"12":0},"fnMap":{"1":{"name":"(anonymous_1)","line":26,"loc":{"start":{"line":26,"column":1},"end":{"line":26,"column":13}}},"2":{"name":"(anonymous_2)","line":33,"loc":{"start":{"line":33,"column":5},"end":{"line":33,"column":17}}},"3":{"name":"(anonymous_3)","line":37,"loc":{"start":{"line":37,"column":24},"end":{"line":37,"column":36}}},"4":{"name":"(anonymous_4)","line":69,"loc":{"start":{"line":69,"column":31},"end":{"line":69,"column":48}},"skip":true},"5":{"name":"(anonymous_5)","line":78,"loc":{"start":{"line":78,"column":26},"end":{"line":78,"column":45}},"skip":true},"6":{"name":"(anonymous_6)","line":123,"loc":{"start":{"line":123,"column":33},"end":{"line":123,"column":48}},"skip":true},"7":{"name":"(anonymous_7)","line":125,"loc":{"start":{"line":125,"column":27},"end":{"line":125,"column":39}},"skip":true},"8":{"name":"(anonymous_8)","line":133,"loc":{"start":{"line":133,"column":59},"end":{"line":133,"column":74}},"skip":true},"9":{"name":"(anonymous_9)","line":143,"loc":{"start":{"line":143,"column":45},"end":{"line":143,"column":62}},"skip":true},"10":{"name":"(anonymous_10)","line":144,"loc":{"start":{"line":144,"column":73},"end":{"line":144,"column":92}},"skip":true},"11":{"name":"(anonymous_11)","line":272,"loc":{"start":{"line":272,"column":51},"end":{"line":272,"column":77}},"skip":true},"12":{"name":"(anonymous_12)","line":315,"loc":{"start":{"line":315,"column":32},"end":{"line":315,"column":61}},"skip":true}},"statementMap":{"1":{"start":{"line":26,"column":0},"end":{"line":326,"column":5}},"2":{"start":{"line":28,"column":4},"end":{"line":28,"column":14}},"3":{"start":{"line":33,"column":4},"end":{"line":60,"column":9}},"4":{"start":{"line":35,"column":8},"end":{"line":35,"column":19}},"5":{"start":{"line":37,"column":8},"end":{"line":49,"column":13}},"6":{"start":{"line":38,"column":12},"end":{"line":48,"column":13}},"7":{"start":{"line":39,"column":16},"end":{"line":42,"column":30}},"8":{"start":{"line":44,"column":16},"end":{"line":47,"column":27}},"9":{"start":{"line":51,"column":8},"end":{"line":53,"column":21}},"10":{"start":{"line":55,"column":8},"end":{"line":57,"column":45}},"11":{"start":{"line":59,"column":8},"end":{"line":59,"column":35}},"12":{"start":{"line":61,"column":4},"end":{"line":325,"column":5}},"13":{"start":{"line":69,"column":8},"end":{"line":121,"column":10},"skip":true},"14":{"start":{"line":70,"column":12},"end":{"line":88,"column":13},"skip":true},"15":{"start":{"line":76,"column":16},"end":{"line":87,"column":19},"skip":true},"16":{"start":{"line":79,"column":20},"end":{"line":86,"column":21},"skip":true},"17":{"start":{"line":82,"column":24},"end":{"line":82,"column":43},"skip":true},"18":{"start":{"line":83,"column":24},"end":{"line":83,"column":30},"skip":true},"19":{"start":{"line":85,"column":24},"end":{"line":85,"column":49},"skip":true},"20":{"start":{"line":89,"column":12},"end":{"line":107,"column":13},"skip":true},"21":{"start":{"line":92,"column":16},"end":{"line":102,"column":17},"skip":true},"22":{"start":{"line":93,"column":20},"end":{"line":93,"column":86},"skip":true},"23":{"start":{"line":94,"column":20},"end":{"line":95,"column":45},"skip":true},"24":{"start":{"line":96,"column":20},"end":{"line":96,"column":42},"skip":true},"25":{"start":{"line":97,"column":20},"end":{"line":97,"column":48},"skip":true},"26":{"start":{"line":100,"column":20},"end":{"line":100,"column":85},"skip":true},"27":{"start":{"line":101,"column":20},"end":{"line":101,"column":96},"skip":true},"28":{"start":{"line":103,"column":16},"end":{"line":103,"column":22},"skip":true},"29":{"start":{"line":106,"column":16},"end":{"line":106,"column":22},"skip":true},"30":{"start":{"line":108,"column":12},"end":{"line":120,"column":13},"skip":true},"31":{"start":{"line":114,"column":16},"end":{"line":119,"column":17},"skip":true},"32":{"start":{"line":116,"column":20},"end":{"line":116,"column":78},"skip":true},"33":{"start":{"line":118,"column":20},"end":{"line":118,"column":47},"skip":true},"34":{"start":{"line":123,"column":8},"end":{"line":141,"column":11},"skip":true},"35":{"start":{"line":124,"column":12},"end":{"line":124,"column":54},"skip":true},"36":{"start":{"line":125,"column":12},"end":{"line":140,"column":14},"skip":true},"37":{"start":{"line":126,"column":16},"end":{"line":126,"column":28},"skip":true},"38":{"start":{"line":127,"column":16},"end":{"line":127,"column":69},"skip":true},"39":{"start":{"line":128,"column":16},"end":{"line":128,"column":75},"skip":true},"40":{"start":{"line":129,"column":16},"end":{"line":131,"column":17},"skip":true},"41":{"start":{"line":130,"column":20},"end":{"line":130,"column":27},"skip":true},"42":{"start":{"line":133,"column":16},"end":{"line":137,"column":36},"skip":true},"43":{"start":{"line":134,"column":20},"end":{"line":136,"column":55},"skip":true},"44":{"start":{"line":139,"column":16},"end":{"line":139,"column":57},"skip":true},"45":{"start":{"line":143,"column":8},"end":{"line":147,"column":11},"skip":true},"46":{"start":{"line":144,"column":12},"end":{"line":146,"column":15},"skip":true},"47":{"start":{"line":145,"column":16},"end":{"line":145,"column":70},"skip":true},"48":{"start":{"line":149,"column":8},"end":{"line":149,"column":31},"skip":true},"49":{"start":{"line":150,"column":8},"end":{"line":150,"column":14},"skip":true},"50":{"start":{"line":158,"column":8},"end":{"line":158,"column":31},"skip":true},"51":{"start":{"line":160,"column":8},"end":{"line":160,"column":33},"skip":true},"52":{"start":{"line":161,"column":8},"end":{"line":161,"column":37},"skip":true},"53":{"start":{"line":162,"column":8},"end":{"line":162,"column":35},"skip":true},"54":{"start":{"line":164,"column":8},"end":{"line":164,"column":50},"skip":true},"55":{"start":{"line":166,"column":8},"end":{"line":256,"column":2},"skip":true},"56":{"start":{"line":258,"column":8},"end":{"line":286,"column":9},"skip":true},"57":{"start":{"line":259,"column":12},"end":{"line":269,"column":14},"skip":true},"58":{"start":{"line":271,"column":12},"end":{"line":285,"column":19},"skip":true},"59":{"start":{"line":274,"column":20},"end":{"line":274,"column":35},"skip":true},"60":{"start":{"line":275,"column":20},"end":{"line":284,"column":21},"skip":true},"61":{"start":{"line":277,"column":24},"end":{"line":277,"column":64},"skip":true},"62":{"start":{"line":279,"column":24},"end":{"line":279,"column":40},"skip":true},"63":{"start":{"line":281,"column":24},"end":{"line":281,"column":40},"skip":true},"64":{"start":{"line":283,"column":24},"end":{"line":283,"column":39},"skip":true},"65":{"start":{"line":288,"column":8},"end":{"line":290,"column":9},"skip":true},"66":{"start":{"line":289,"column":12},"end":{"line":289,"column":18},"skip":true},"67":{"start":{"line":291,"column":8},"end":{"line":293,"column":54},"skip":true},"68":{"start":{"line":296,"column":8},"end":{"line":301,"column":37},"skip":true},"69":{"start":{"line":303,"column":8},"end":{"line":303,"column":82},"skip":true},"70":{"start":{"line":306,"column":8},"end":{"line":308,"column":9},"skip":true},"71":{"start":{"line":307,"column":12},"end":{"line":307,"column":82},"skip":true},"72":{"start":{"line":310,"column":8},"end":{"line":312,"column":9},"skip":true},"73":{"start":{"line":311,"column":12},"end":{"line":311,"column":18},"skip":true},"74":{"start":{"line":313,"column":8},"end":{"line":313,"column":54},"skip":true},"75":{"start":{"line":314,"column":8},"end":{"line":314,"column":69},"skip":true},"76":{"start":{"line":315,"column":8},"end":{"line":323,"column":36},"skip":true},"77":{"start":{"line":316,"column":12},"end":{"line":316,"column":61},"skip":true},"78":{"start":{"line":317,"column":12},"end":{"line":320,"column":13},"skip":true},"79":{"start":{"line":318,"column":16},"end":{"line":318,"column":75},"skip":true},"80":{"start":{"line":319,"column":16},"end":{"line":319,"column":23},"skip":true},"81":{"start":{"line":321,"column":12},"end":{"line":321,"column":38},"skip":true},"82":{"start":{"line":322,"column":12},"end":{"line":322,"column":27},"skip":true},"83":{"start":{"line":324,"column":8},"end":{"line":324,"column":14},"skip":true}},"branchMap":{"1":{"line":39,"type":"binary-expr","locations":[{"start":{"line":39,"column":23},"end":{"line":39,"column":62}},{"start":{"line":40,"column":20},"end":{"line":40,"column":70}},{"start":{"line":41,"column":20},"end":{"line":41,"column":71}},{"start":{"line":42,"column":20},"end":{"line":42,"column":29}}]},"2":{"line":44,"type":"binary-expr","locations":[{"start":{"line":44,"column":23},"end":{"line":44,"column":37}},{"start":{"line":45,"column":20},"end":{"line":45,"column":61}},{"start":{"line":46,"column":20},"end":{"line":46,"column":70}},{"start":{"line":47,"column":20},"end":{"line":47,"column":26}}]},"3":{"line":51,"type":"cond-expr","locations":[{"start":{"line":52,"column":14},"end":{"line":52,"column":20}},{"start":{"line":53,"column":14},"end":{"line":53,"column":20}}]},"4":{"line":55,"type":"binary-expr","locations":[{"start":{"line":55,"column":16},"end":{"line":55,"column":44}},{"start":{"line":55,"column":49},"end":{"line":57,"column":43}}]},"5":{"line":55,"type":"cond-expr","locations":[{"start":{"line":56,"column":14},"end":{"line":56,"column":53}},{"start":{"line":57,"column":14},"end":{"line":57,"column":43}}]},"6":{"line":61,"type":"switch","locations":[{"start":{"line":68,"column":4},"end":{"line":150,"column":14},"skip":true},{"start":{"line":156,"column":4},"end":{"line":324,"column":14},"skip":true}]},"7":{"line":70,"type":"if","locations":[{"start":{"line":70,"column":12},"end":{"line":70,"column":12},"skip":true},{"start":{"line":70,"column":12},"end":{"line":70,"column":12},"skip":true}]},"8":{"line":70,"type":"binary-expr","locations":[{"start":{"line":70,"column":16},"end":{"line":70,"column":22},"skip":true},{"start":{"line":70,"column":27},"end":{"line":70,"column":32},"skip":true},{"start":{"line":71,"column":20},"end":{"line":71,"column":39},"skip":true},{"start":{"line":72,"column":20},"end":{"line":72,"column":49},"skip":true},{"start":{"line":73,"column":20},"end":{"line":73,"column":58},"skip":true},{"start":{"line":74,"column":20},"end":{"line":74,"column":69},"skip":true}]},"9":{"line":79,"type":"switch","locations":[{"start":{"line":80,"column":20},"end":{"line":80,"column":33},"skip":true},{"start":{"line":81,"column":20},"end":{"line":83,"column":30},"skip":true},{"start":{"line":84,"column":20},"end":{"line":85,"column":49},"skip":true}]},"10":{"line":89,"type":"switch","locations":[{"start":{"line":90,"column":12},"end":{"line":103,"column":22},"skip":true},{"start":{"line":105,"column":12},"end":{"line":106,"column":22},"skip":true}]},"11":{"line":89,"type":"binary-expr","locations":[{"start":{"line":89,"column":20},"end":{"line":89,"column":25},"skip":true},{"start":{"line":89,"column":29},"end":{"line":89,"column":48},"skip":true},{"start":{"line":89,"column":52},"end":{"line":89,"column":74},"skip":true}]},"12":{"line":92,"type":"if","locations":[{"start":{"line":92,"column":16},"end":{"line":92,"column":16},"skip":true},{"start":{"line":92,"column":16},"end":{"line":92,"column":16},"skip":true}]},"13":{"line":108,"type":"if","locations":[{"start":{"line":108,"column":12},"end":{"line":108,"column":12},"skip":true},{"start":{"line":108,"column":12},"end":{"line":108,"column":12},"skip":true}]},"14":{"line":108,"type":"binary-expr","locations":[{"start":{"line":108,"column":16},"end":{"line":108,"column":61},"skip":true},{"start":{"line":108,"column":66},"end":{"line":108,"column":72},"skip":true},{"start":{"line":108,"column":77},"end":{"line":108,"column":82},"skip":true},{"start":{"line":109,"column":20},"end":{"line":109,"column":39},"skip":true},{"start":{"line":110,"column":20},"end":{"line":110,"column":49},"skip":true},{"start":{"line":111,"column":20},"end":{"line":111,"column":58},"skip":true},{"start":{"line":112,"column":20},"end":{"line":112,"column":68},"skip":true}]},"15":{"line":129,"type":"if","locations":[{"start":{"line":129,"column":16},"end":{"line":129,"column":16},"skip":true},{"start":{"line":129,"column":16},"end":{"line":129,"column":16},"skip":true}]},"16":{"line":134,"type":"cond-expr","locations":[{"start":{"line":135,"column":26},"end":{"line":135,"column":29},"skip":true},{"start":{"line":136,"column":26},"end":{"line":136,"column":54},"skip":true}]},"17":{"line":164,"type":"binary-expr","locations":[{"start":{"line":164,"column":27},"end":{"line":164,"column":43},"skip":true},{"start":{"line":164,"column":47},"end":{"line":164,"column":49},"skip":true}]},"18":{"line":258,"type":"if","locations":[{"start":{"line":258,"column":8},"end":{"line":258,"column":8},"skip":true},{"start":{"line":258,"column":8},"end":{"line":258,"column":8},"skip":true}]},"19":{"line":275,"type":"switch","locations":[{"start":{"line":276,"column":20},"end":{"line":277,"column":64},"skip":true},{"start":{"line":278,"column":20},"end":{"line":279,"column":40},"skip":true},{"start":{"line":280,"column":20},"end":{"line":281,"column":40},"skip":true},{"start":{"line":282,"column":20},"end":{"line":283,"column":39},"skip":true}]},"20":{"line":288,"type":"if","locations":[{"start":{"line":288,"column":8},"end":{"line":288,"column":8},"skip":true},{"start":{"line":288,"column":8},"end":{"line":288,"column":8},"skip":true}]},"21":{"line":288,"type":"binary-expr","locations":[{"start":{"line":288,"column":12},"end":{"line":288,"column":40},"skip":true},{"start":{"line":288,"column":44},"end":{"line":288,"column":67},"skip":true}]},"22":{"line":292,"type":"binary-expr","locations":[{"start":{"line":292,"column":12},"end":{"line":292,"column":50},"skip":true},{"start":{"line":293,"column":12},"end":{"line":293,"column":53},"skip":true}]},"23":{"line":297,"type":"binary-expr","locations":[{"start":{"line":297,"column":12},"end":{"line":297,"column":67},"skip":true},{"start":{"line":298,"column":12},"end":{"line":301,"column":36},"skip":true}]},"24":{"line":303,"type":"binary-expr","locations":[{"start":{"line":303,"column":43},"end":{"line":303,"column":75},"skip":true},{"start":{"line":303,"column":79},"end":{"line":303,"column":81},"skip":true}]},"25":{"line":306,"type":"if","locations":[{"start":{"line":306,"column":8},"end":{"line":306,"column":8},"skip":true},{"start":{"line":306,"column":8},"end":{"line":306,"column":8},"skip":true}]},"26":{"line":310,"type":"if","locations":[{"start":{"line":310,"column":8},"end":{"line":310,"column":8},"skip":true},{"start":{"line":310,"column":8},"end":{"line":310,"column":8},"skip":true}]},"27":{"line":313,"type":"binary-expr","locations":[{"start":{"line":313,"column":27},"end":{"line":313,"column":43},"skip":true},{"start":{"line":313,"column":47},"end":{"line":313,"column":53},"skip":true}]},"28":{"line":317,"type":"if","locations":[{"start":{"line":317,"column":12},"end":{"line":317,"column":12},"skip":true},{"start":{"line":317,"column":12},"end":{"line":317,"column":12},"skip":true}]}},"code":["/*","example.js","","quickstart example","","instruction","    1. save this script as example.js","    2. run the shell command:","        $ npm install npmtest-ast-types && PORT=8081 node example.js","    3. play with the browser-demo on http://127.0.0.1:8081","*/","","","","/* istanbul instrument in package npmtest_ast_types */","/*jslint","    bitwise: true,","    browser: true,","    maxerr: 8,","    maxlen: 96,","    node: true,","    nomen: true,","    regexp: true,","    stupid: true","*/","(function () {","    'use strict';","    var local;","","","","    // run shared js-env code - init-before","    (function () {","        // init local","        local = {};","        // init modeJs","        local.modeJs = (function () {","            try {","                return typeof navigator.userAgent === 'string' &&","                    typeof document.querySelector('body') === 'object' &&","                    typeof XMLHttpRequest.prototype.open === 'function' &&","                    'browser';","            } catch (errorCaughtBrowser) {","                return module.exports &&","                    typeof process.versions.node === 'string' &&","                    typeof require('http').createServer === 'function' &&","                    'node';","            }","        }());","        // init global","        local.global = local.modeJs === 'browser'","            ? window","            : global;","        // init utility2_rollup","        local = local.global.utility2_rollup || (local.modeJs === 'browser'","            ? local.global.utility2_npmtest_ast_types","            : global.utility2_moduleExports);","        // export local","        local.global.local = local;","    }());","    switch (local.modeJs) {","","","","    // init-after","    // run browser js-env code - init-after","    /* istanbul ignore next */","    case 'browser':","        local.testRunBrowser = function (event) {","            if (!event || (event &&","                    event.currentTarget &&","                    event.currentTarget.className &&","                    event.currentTarget.className.includes &&","                    event.currentTarget.className.includes('onreset'))) {","                // reset output","                Array.from(","                    document.querySelectorAll('body > .resettable')","                ).forEach(function (element) {","                    switch (element.tagName) {","                    case 'INPUT':","                    case 'TEXTAREA':","                        element.value = '';","                        break;","                    default:","                        element.textContent = '';","                    }","                });","            }","            switch (event && event.currentTarget && event.currentTarget.id) {","            case 'testRunButton1':","                // show tests","                if (document.querySelector('#testReportDiv1').style.display === 'none') {","                    document.querySelector('#testReportDiv1').style.display = 'block';","                    document.querySelector('#testRunButton1').textContent =","                        'hide internal test';","                    local.modeTest = true;","                    local.testRunDefault(local);","                // hide tests","                } else {","                    document.querySelector('#testReportDiv1').style.display = 'none';","                    document.querySelector('#testRunButton1').textContent = 'run internal test';","                }","                break;","            // custom-case","            default:","                break;","            }","            if (document.querySelector('#inputTextareaEval1') && (!event || (event &&","                    event.currentTarget &&","                    event.currentTarget.className &&","                    event.currentTarget.className.includes &&","                    event.currentTarget.className.includes('oneval')))) {","                // try to eval input-code","                try {","                    /*jslint evil: true*/","                    eval(document.querySelector('#inputTextareaEval1').value);","                } catch (errorCaught) {","                    console.error(errorCaught);","                }","            }","        };","        // log stderr and stdout to #outputTextareaStdout1","        ['error', 'log'].forEach(function (key) {","            console[key + '_original'] = console[key];","            console[key] = function () {","                var element;","                console[key + '_original'].apply(console, arguments);","                element = document.querySelector('#outputTextareaStdout1');","                if (!element) {","                    return;","                }","                // append text to #outputTextareaStdout1","                element.value += Array.from(arguments).map(function (arg) {","                    return typeof arg === 'string'","                        ? arg","                        : JSON.stringify(arg, null, 4);","                }).join(' ') + '\\n';","                // scroll textarea to bottom","                element.scrollTop = element.scrollHeight;","            };","        });","        // init event-handling","        ['change', 'click', 'keyup'].forEach(function (event) {","            Array.from(document.querySelectorAll('.on' + event)).forEach(function (element) {","                element.addEventListener(event, local.testRunBrowser);","            });","        });","        // run tests","        local.testRunBrowser();","        break;","","","","    // run node js-env code - init-after","    /* istanbul ignore next */","    case 'node':","        // export local","        module.exports = local;","        // require modules","        local.fs = require('fs');","        local.http = require('http');","        local.url = require('url');","        // init assets","        local.assetsDict = local.assetsDict || {};","        /* jslint-ignore-begin */","        local.assetsDict['/assets.index.template.html'] = '\\","<!doctype html>\\n\\","<html lang=\"en\">\\n\\","<head>\\n\\","<meta charset=\"UTF-8\">\\n\\","<meta name=\"viewport\" content=\"width=device-width, initial-scale=1\">\\n\\","<title>{{env.npm_package_name}} (v{{env.npm_package_version}})</title>\\n\\","<style>\\n\\","/*csslint\\n\\","    box-sizing: false,\\n\\","    universal-selector: false\\n\\","*/\\n\\","* {\\n\\","    box-sizing: border-box;\\n\\","}\\n\\","body {\\n\\","    background: #dde;\\n\\","    font-family: Arial, Helvetica, sans-serif;\\n\\","    margin: 2rem;\\n\\","}\\n\\","body > * {\\n\\","    margin-bottom: 1rem;\\n\\","}\\n\\",".utility2FooterDiv {\\n\\","    margin-top: 20px;\\n\\","    text-align: center;\\n\\","}\\n\\","</style>\\n\\","<style>\\n\\","/*csslint\\n\\","*/\\n\\","textarea {\\n\\","    font-family: monospace;\\n\\","    height: 10rem;\\n\\","    width: 100%;\\n\\","}\\n\\","textarea[readonly] {\\n\\","    background: #ddd;\\n\\","}\\n\\","</style>\\n\\","</head>\\n\\","<body>\\n\\","<!-- utility2-comment\\n\\","<div id=\"ajaxProgressDiv1\" style=\"background: #d00; height: 2px; left: 0; margin: 0; padding: 0; position: fixed; top: 0; transition: background 0.5s, width 1.5s; width: 25%;\"></div>\\n\\","utility2-comment -->\\n\\","<h1>\\n\\","<!-- utility2-comment\\n\\","    <a\\n\\","        {{#if env.npm_package_homepage}}\\n\\","        href=\"{{env.npm_package_homepage}}\"\\n\\","        {{/if env.npm_package_homepage}}\\n\\","        target=\"_blank\"\\n\\","    >\\n\\","utility2-comment -->\\n\\","        {{env.npm_package_name}} (v{{env.npm_package_version}})\\n\\","<!-- utility2-comment\\n\\","    </a>\\n\\","utility2-comment -->\\n\\","</h1>\\n\\","<h3>{{env.npm_package_description}}</h3>\\n\\","<!-- utility2-comment\\n\\","<h4><a download href=\"assets.app.js\">download standalone app</a></h4>\\n\\","<button class=\"onclick onreset\" id=\"testRunButton1\">run internal test</button><br>\\n\\","<div id=\"testReportDiv1\" style=\"display: none;\"></div>\\n\\","utility2-comment -->\\n\\","\\n\\","\\n\\","\\n\\","<label>stderr and stdout</label>\\n\\","<textarea class=\"resettable\" id=\"outputTextareaStdout1\" readonly></textarea>\\n\\","<!-- utility2-comment\\n\\","{{#if isRollup}}\\n\\","<script src=\"assets.app.js\"></script>\\n\\","{{#unless isRollup}}\\n\\","utility2-comment -->\\n\\","<script src=\"assets.utility2.rollup.js\"></script>\\n\\","<script src=\"jsonp.utility2._stateInit?callback=window.utility2._stateInit\"></script>\\n\\","<script src=\"assets.npmtest_ast_types.rollup.js\"></script>\\n\\","<script src=\"assets.example.js\"></script>\\n\\","<script src=\"assets.test.js\"></script>\\n\\","<!-- utility2-comment\\n\\","{{/if isRollup}}\\n\\","utility2-comment -->\\n\\","<div class=\"utility2FooterDiv\">\\n\\","    [ this app was created with\\n\\","    <a href=\"https://github.com/kaizhu256/node-utility2\" target=\"_blank\">utility2</a>\\n\\","    ]\\n\\","</div>\\n\\","</body>\\n\\","</html>\\n\\","';","        /* jslint-ignore-end */","        if (local.templateRender) {","            local.assetsDict['/'] = local.templateRender(","                local.assetsDict['/assets.index.template.html'],","                {","                    env: local.objectSetDefault(local.env, {","                        npm_package_description: 'the greatest app in the world!',","                        npm_package_name: 'my-app',","                        npm_package_nameAlias: 'my_app',","                        npm_package_version: '0.0.1'","                    })","                }","            );","        } else {","            local.assetsDict['/'] = local.assetsDict['/assets.index.template.html']","                .replace((/\\{\\{env\\.(\\w+?)\\}\\}/g), function (match0, match1) {","                    // jslint-hack","                    String(match0);","                    switch (match1) {","                    case 'npm_package_description':","                        return 'the greatest app in the world!';","                    case 'npm_package_name':","                        return 'my-app';","                    case 'npm_package_nameAlias':","                        return 'my_app';","                    case 'npm_package_version':","                        return '0.0.1';","                    }","                });","        }","        // run the cli","        if (local.global.utility2_rollup || module !== require.main) {","            break;","        }","        local.assetsDict['/assets.example.js'] =","            local.assetsDict['/assets.example.js'] ||","            local.fs.readFileSync(__filename, 'utf8');","        // bug-workaround - long $npm_package_buildCustomOrg","        /* jslint-ignore-begin */","        local.assetsDict['/assets.npmtest_ast_types.rollup.js'] =","            local.assetsDict['/assets.npmtest_ast_types.rollup.js'] ||","            local.fs.readFileSync(","                local.npmtest_ast_types.__dirname + '/lib.npmtest_ast_types.js',","                'utf8'","            ).replace((/^#!/), '//');","        /* jslint-ignore-end */","        local.assetsDict['/favicon.ico'] = local.assetsDict['/favicon.ico'] || '';","        // if $npm_config_timeout_exit exists,","        // then exit this process after $npm_config_timeout_exit ms","        if (Number(process.env.npm_config_timeout_exit)) {","            setTimeout(process.exit, Number(process.env.npm_config_timeout_exit));","        }","        // start server","        if (local.global.utility2_serverHttp1) {","            break;","        }","        process.env.PORT = process.env.PORT || '8081';","        console.error('server starting on port ' + process.env.PORT);","        local.http.createServer(function (request, response) {","            request.urlParsed = local.url.parse(request.url);","            if (local.assetsDict[request.urlParsed.pathname] !== undefined) {","                response.end(local.assetsDict[request.urlParsed.pathname]);","                return;","            }","            response.statusCode = 404;","            response.end();","        }).listen(process.env.PORT);","        break;","    }","}());",""],"l":{"26":2,"28":2,"33":2,"35":2,"37":2,"38":2,"39":2,"44":1,"51":2,"55":2,"59":2,"61":2,"69":1,"70":2,"76":2,"79":2,"82":2,"83":2,"85":1,"89":2,"92":1,"93":1,"94":1,"96":1,"97":1,"100":1,"101":1,"103":1,"106":1,"108":2,"114":1,"116":1,"118":1,"123":1,"124":2,"125":2,"126":3,"127":3,"128":3,"129":3,"130":1,"133":3,"134":3,"139":3,"143":1,"144":3,"145":1,"149":1,"150":1,"158":1,"160":1,"161":1,"162":1,"164":1,"166":1,"258":1,"259":1,"271":1,"274":6,"275":6,"277":1,"279":2,"281":1,"283":2,"288":1,"289":1,"291":1,"296":1,"303":1,"306":1,"307":1,"310":1,"311":1,"313":1,"314":1,"315":1,"316":1,"317":1,"318":1,"319":1,"321":1,"322":1,"324":1}},"/home/travis/build/npmtest/node-npmtest-ast-types/node_modules/ast-types/main.js":{"path":"/home/travis/build/npmtest/node-npmtest-ast-types/node_modules/ast-types/main.js","s":{"1":1},"b":{},"f":{},"fnMap":{},"statementMap":{"1":{"start":{"line":1,"column":0},"end":{"line":17,"column":3}}},"branchMap":{},"code":["module.exports = require('./fork')([","    // This core module of AST types captures ES5 as it is parsed today by","    // git://github.com/ariya/esprima.git#master.","    require(\"./def/core\"),","","    // Feel free to add to or remove from this list of extension modules to","    // configure the precise type hierarchy that you need.","    require(\"./def/es6\"),","    require(\"./def/es7\"),","    require(\"./def/mozilla\"),","    require(\"./def/e4x\"),","    require(\"./def/jsx\"),","    require(\"./def/flow\"),","    require(\"./def/esprima\"),","    require(\"./def/babel\"),","    require(\"./def/babel6\")","]);",""],"l":{"1":1}},"/home/travis/build/npmtest/node-npmtest-ast-types/node_modules/ast-types/fork.js":{"path":"/home/travis/build/npmtest/node-npmtest-ast-types/node_modules/ast-types/fork.js","s":{"1":1,"2":1,"3":1,"4":1,"5":1,"6":54,"7":54,"8":18,"9":18,"10":18,"11":54,"12":1,"13":1,"14":1,"15":1,"16":1,"17":1,"18":1},"b":{"1":[18,36]},"f":{"1":1,"2":54},"fnMap":{"1":{"name":"(anonymous_1)","line":1,"loc":{"start":{"line":1,"column":17},"end":{"line":1,"column":33}}},"2":{"name":"use","line":6,"loc":{"start":{"line":6,"column":4},"end":{"line":6,"column":25}}}},"statementMap":{"1":{"start":{"line":1,"column":0},"end":{"line":46,"column":2}},"2":{"start":{"line":2,"column":4},"end":{"line":2,"column":18}},"3":{"start":{"line":3,"column":4},"end":{"line":3,"column":24}},"4":{"start":{"line":4,"column":4},"end":{"line":4,"column":18}},"5":{"start":{"line":6,"column":4},"end":{"line":14,"column":5}},"6":{"start":{"line":7,"column":8},"end":{"line":7,"column":39}},"7":{"start":{"line":8,"column":8},"end":{"line":12,"column":9}},"8":{"start":{"line":9,"column":12},"end":{"line":9,"column":30}},"9":{"start":{"line":10,"column":12},"end":{"line":10,"column":30}},"10":{"start":{"line":11,"column":12},"end":{"line":11,"column":43}},"11":{"start":{"line":13,"column":8},"end":{"line":13,"column":31}},"12":{"start":{"line":16,"column":4},"end":{"line":16,"column":19}},"13":{"start":{"line":18,"column":4},"end":{"line":18,"column":44}},"14":{"start":{"line":20,"column":4},"end":{"line":20,"column":22}},"15":{"start":{"line":22,"column":4},"end":{"line":22,"column":21}},"16":{"start":{"line":24,"column":4},"end":{"line":41,"column":6}},"17":{"start":{"line":43,"column":4},"end":{"line":43,"column":46}},"18":{"start":{"line":45,"column":4},"end":{"line":45,"column":19}}},"branchMap":{"1":{"line":8,"type":"if","locations":[{"start":{"line":8,"column":8},"end":{"line":8,"column":8}},{"start":{"line":8,"column":8},"end":{"line":8,"column":8}}]}},"code":["module.exports = function (defs) {","    var used = [];","    var usedResult = [];","    var fork = {};","","    function use(plugin) {","        var idx = used.indexOf(plugin);","        if (idx === -1) {","            idx = used.length;","            used.push(plugin);","            usedResult[idx] = plugin(fork);","        }","        return usedResult[idx];","    }","","    fork.use = use;","","    var types = use(require('./lib/types'));","","    defs.forEach(use);","","    types.finalize();","","    var exports = {","        Type: types.Type,","        builtInTypes: types.builtInTypes,","        namedTypes: types.namedTypes,","        builders: types.builders,","        defineMethod: types.defineMethod,","        getFieldNames: types.getFieldNames,","        getFieldValue: types.getFieldValue,","        eachField: types.eachField,","        someField: types.someField,","        getSupertypeNames: types.getSupertypeNames,","        astNodesAreEquivalent: use(require(\"./lib/equiv\")),","        finalize: types.finalize,","        Path: use(require('./lib/path')),","        NodePath: use(require(\"./lib/node-path\")),","        PathVisitor: use(require(\"./lib/path-visitor\")),","        use: use","    };","","    exports.visit = exports.PathVisitor.visit;","","    return exports;","};"],"l":{"1":1,"2":1,"3":1,"4":1,"6":1,"7":54,"8":54,"9":18,"10":18,"11":18,"13":54,"16":1,"18":1,"20":1,"22":1,"24":1,"43":1,"45":1}},"/home/travis/build/npmtest/node-npmtest-ast-types/node_modules/ast-types/def/core.js":{"path":"/home/travis/build/npmtest/node-npmtest-ast-types/node_modules/ast-types/def/core.js","s":{"1":1,"2":1,"3":1,"4":1,"5":1,"6":1,"7":1,"8":1,"9":1,"10":1,"11":1,"12":1,"13":1,"14":1,"15":1,"16":1,"17":1,"18":1,"19":1,"20":1,"21":1,"22":1,"23":1,"24":1,"25":1,"26":1,"27":1,"28":1,"29":0,"30":0,"31":1,"32":1,"33":1,"34":1,"35":1,"36":1,"37":1,"38":1,"39":1,"40":1,"41":1,"42":1,"43":1,"44":1,"45":1,"46":1,"47":1,"48":1,"49":1,"50":1,"51":1,"52":1,"53":1,"54":1,"55":1,"56":1,"57":1,"58":1,"59":1,"60":1,"61":1,"62":0,"63":0,"64":0,"65":0,"66":1,"67":1,"68":1,"69":1,"70":0,"71":0,"72":0,"73":0,"74":0,"75":0,"76":0,"77":0,"78":0,"79":0,"80":1},"b":{"1":[0,0,0],"2":[0,0],"3":[0,0],"4":[0,0,0],"5":[0,0],"6":[0,0],"7":[0,0],"8":[0,0]},"f":{"1":1,"2":0,"3":0,"4":0,"5":0},"fnMap":{"1":{"name":"(anonymous_1)","line":1,"loc":{"start":{"line":1,"column":17},"end":{"line":1,"column":33}}},"2":{"name":"(anonymous_2)","line":122,"loc":{"start":{"line":122,"column":56},"end":{"line":122,"column":68}}},"3":{"name":"(anonymous_3)","line":125,"loc":{"start":{"line":125,"column":49},"end":{"line":125,"column":61}}},"4":{"name":"(anonymous_4)","line":310,"loc":{"start":{"line":310,"column":36},"end":{"line":310,"column":48}}},"5":{"name":"(anonymous_5)","line":342,"loc":{"start":{"line":342,"column":18},"end":{"line":342,"column":30}}}},"statementMap":{"1":{"start":{"line":1,"column":0},"end":{"line":370,"column":2}},"2":{"start":{"line":2,"column":4},"end":{"line":2,"column":50}},"3":{"start":{"line":3,"column":4},"end":{"line":3,"column":26}},"4":{"start":{"line":4,"column":4},"end":{"line":4,"column":23}},"5":{"start":{"line":5,"column":4},"end":{"line":5,"column":21}},"6":{"start":{"line":6,"column":4},"end":{"line":6,"column":52}},"7":{"start":{"line":7,"column":4},"end":{"line":7,"column":35}},"8":{"start":{"line":8,"column":4},"end":{"line":8,"column":25}},"9":{"start":{"line":12,"column":4},"end":{"line":16,"column":35}},"10":{"start":{"line":18,"column":4},"end":{"line":24,"column":35}},"11":{"start":{"line":26,"column":4},"end":{"line":30,"column":61}},"12":{"start":{"line":32,"column":4},"end":{"line":35,"column":33}},"13":{"start":{"line":37,"column":4},"end":{"line":41,"column":59}},"14":{"start":{"line":43,"column":4},"end":{"line":46,"column":43}},"15":{"start":{"line":48,"column":4},"end":{"line":52,"column":46}},"16":{"start":{"line":54,"column":4},"end":{"line":54,"column":35}},"17":{"start":{"line":58,"column":4},"end":{"line":58,"column":53}},"18":{"start":{"line":60,"column":4},"end":{"line":63,"column":43}},"19":{"start":{"line":67,"column":4},"end":{"line":70,"column":48}},"20":{"start":{"line":72,"column":4},"end":{"line":77,"column":74}},"21":{"start":{"line":79,"column":4},"end":{"line":83,"column":41}},"22":{"start":{"line":85,"column":4},"end":{"line":88,"column":71}},"23":{"start":{"line":90,"column":4},"end":{"line":93,"column":71}},"24":{"start":{"line":95,"column":4},"end":{"line":99,"column":41}},"25":{"start":{"line":101,"column":4},"end":{"line":106,"column":54}},"26":{"start":{"line":108,"column":4},"end":{"line":111,"column":56}},"27":{"start":{"line":113,"column":4},"end":{"line":116,"column":46}},"28":{"start":{"line":118,"column":4},"end":{"line":129,"column":79}},"29":{"start":{"line":123,"column":12},"end":{"line":123,"column":61}},"30":{"start":{"line":126,"column":12},"end":{"line":126,"column":54}},"31":{"start":{"line":131,"column":4},"end":{"line":136,"column":46}},"32":{"start":{"line":138,"column":4},"end":{"line":142,"column":41}},"33":{"start":{"line":144,"column":4},"end":{"line":148,"column":42}},"34":{"start":{"line":150,"column":4},"end":{"line":159,"column":41}},"35":{"start":{"line":161,"column":4},"end":{"line":168,"column":41}},"36":{"start":{"line":170,"column":4},"end":{"line":170,"column":56}},"37":{"start":{"line":172,"column":4},"end":{"line":172,"column":42}},"38":{"start":{"line":174,"column":4},"end":{"line":177,"column":40}},"39":{"start":{"line":179,"column":4},"end":{"line":181,"column":39}},"40":{"start":{"line":183,"column":4},"end":{"line":187,"column":60}},"41":{"start":{"line":189,"column":4},"end":{"line":193,"column":52}},"42":{"start":{"line":196,"column":4},"end":{"line":196,"column":47}},"43":{"start":{"line":198,"column":4},"end":{"line":198,"column":54}},"44":{"start":{"line":200,"column":4},"end":{"line":203,"column":58}},"45":{"start":{"line":205,"column":4},"end":{"line":208,"column":48}},"46":{"start":{"line":211,"column":4},"end":{"line":216,"column":43}},"47":{"start":{"line":218,"column":4},"end":{"line":221,"column":51}},"48":{"start":{"line":223,"column":4},"end":{"line":225,"column":36}},"49":{"start":{"line":227,"column":4},"end":{"line":234,"column":52}},"50":{"start":{"line":236,"column":4},"end":{"line":243,"column":28}},"51":{"start":{"line":245,"column":4},"end":{"line":250,"column":43}},"52":{"start":{"line":252,"column":4},"end":{"line":255,"column":26}},"53":{"start":{"line":257,"column":4},"end":{"line":262,"column":43}},"54":{"start":{"line":264,"column":4},"end":{"line":264,"column":40}},"55":{"start":{"line":266,"column":4},"end":{"line":271,"column":34}},"56":{"start":{"line":273,"column":4},"end":{"line":273,"column":41}},"57":{"start":{"line":275,"column":4},"end":{"line":280,"column":43}},"58":{"start":{"line":282,"column":4},"end":{"line":287,"column":47}},"59":{"start":{"line":289,"column":4},"end":{"line":296,"column":49}},"60":{"start":{"line":298,"column":4},"end":{"line":303,"column":49}},"61":{"start":{"line":305,"column":4},"end":{"line":318,"column":11}},"62":{"start":{"line":311,"column":12},"end":{"line":311,"column":42}},"63":{"start":{"line":312,"column":12},"end":{"line":316,"column":13}},"64":{"start":{"line":315,"column":16},"end":{"line":315,"column":28}},"65":{"start":{"line":317,"column":12},"end":{"line":317,"column":25}},"66":{"start":{"line":320,"column":4},"end":{"line":320,"column":33}},"67":{"start":{"line":322,"column":4},"end":{"line":326,"column":49}},"68":{"start":{"line":328,"column":4},"end":{"line":332,"column":31}},"69":{"start":{"line":334,"column":4},"end":{"line":357,"column":11}},"70":{"start":{"line":343,"column":12},"end":{"line":354,"column":13}},"71":{"start":{"line":344,"column":16},"end":{"line":344,"column":31}},"72":{"start":{"line":346,"column":16},"end":{"line":346,"column":56}},"73":{"start":{"line":346,"column":43},"end":{"line":346,"column":56}},"74":{"start":{"line":347,"column":16},"end":{"line":347,"column":55}},"75":{"start":{"line":347,"column":42},"end":{"line":347,"column":55}},"76":{"start":{"line":348,"column":16},"end":{"line":348,"column":52}},"77":{"start":{"line":348,"column":39},"end":{"line":348,"column":52}},"78":{"start":{"line":350,"column":16},"end":{"line":353,"column":18}},"79":{"start":{"line":356,"column":12},"end":{"line":356,"column":24}},"80":{"start":{"line":360,"column":4},"end":{"line":369,"column":55}}},"branchMap":{"1":{"line":123,"type":"binary-expr","locations":[{"start":{"line":123,"column":19},"end":{"line":123,"column":32}},{"start":{"line":123,"column":36},"end":{"line":123,"column":52}},{"start":{"line":123,"column":56},"end":{"line":123,"column":60}}]},"2":{"line":126,"type":"cond-expr","locations":[{"start":{"line":126,"column":34},"end":{"line":126,"column":48}},{"start":{"line":126,"column":51},"end":{"line":126,"column":53}}]},"3":{"line":312,"type":"if","locations":[{"start":{"line":312,"column":12},"end":{"line":312,"column":12}},{"start":{"line":312,"column":12},"end":{"line":312,"column":12}}]},"4":{"line":312,"type":"binary-expr","locations":[{"start":{"line":312,"column":16},"end":{"line":312,"column":34}},{"start":{"line":313,"column":16},"end":{"line":313,"column":43}},{"start":{"line":314,"column":16},"end":{"line":314,"column":43}}]},"5":{"line":343,"type":"if","locations":[{"start":{"line":343,"column":12},"end":{"line":343,"column":12}},{"start":{"line":343,"column":12},"end":{"line":343,"column":12}}]},"6":{"line":346,"type":"if","locations":[{"start":{"line":346,"column":16},"end":{"line":346,"column":16}},{"start":{"line":346,"column":16},"end":{"line":346,"column":16}}]},"7":{"line":347,"type":"if","locations":[{"start":{"line":347,"column":16},"end":{"line":347,"column":16}},{"start":{"line":347,"column":16},"end":{"line":347,"column":16}}]},"8":{"line":348,"type":"if","locations":[{"start":{"line":348,"column":16},"end":{"line":348,"column":16}},{"start":{"line":348,"column":16},"end":{"line":348,"column":16}}]}},"code":["module.exports = function (fork) {","    var types = fork.use(require(\"../lib/types\"));","    var Type = types.Type;","    var def = Type.def;","    var or = Type.or;","    var shared = fork.use(require(\"../lib/shared\"));","    var defaults = shared.defaults;","    var geq = shared.geq;","","    // Abstract supertype of all syntactic entities that are allowed to have a","    // .loc field.","    def(\"Printable\")","        .field(\"loc\", or(","            def(\"SourceLocation\"),","            null","        ), defaults[\"null\"], true);","","    def(\"Node\")","        .bases(\"Printable\")","        .field(\"type\", String)","        .field(\"comments\", or(","            [def(\"Comment\")],","            null","        ), defaults[\"null\"], true);","","    def(\"SourceLocation\")","        .build(\"start\", \"end\", \"source\")","        .field(\"start\", def(\"Position\"))","        .field(\"end\", def(\"Position\"))","        .field(\"source\", or(String, null), defaults[\"null\"]);","","    def(\"Position\")","        .build(\"line\", \"column\")","        .field(\"line\", geq(1))","        .field(\"column\", geq(0));","","    def(\"File\")","        .bases(\"Node\")","        .build(\"program\", \"name\")","        .field(\"program\", def(\"Program\"))","        .field(\"name\", or(String, null), defaults[\"null\"]);","","    def(\"Program\")","        .bases(\"Node\")","        .build(\"body\")","        .field(\"body\", [def(\"Statement\")]);","","    def(\"Function\")","        .bases(\"Node\")","        .field(\"id\", or(def(\"Identifier\"), null), defaults[\"null\"])","        .field(\"params\", [def(\"Pattern\")])","        .field(\"body\", def(\"BlockStatement\"));","","    def(\"Statement\").bases(\"Node\");","","// The empty .build() here means that an EmptyStatement can be constructed","// (i.e. it's not abstract) but that it needs no arguments.","    def(\"EmptyStatement\").bases(\"Statement\").build();","","    def(\"BlockStatement\")","        .bases(\"Statement\")","        .build(\"body\")","        .field(\"body\", [def(\"Statement\")]);","","    // TODO Figure out how to silently coerce Expressions to","    // ExpressionStatements where a Statement was expected.","    def(\"ExpressionStatement\")","        .bases(\"Statement\")","        .build(\"expression\")","        .field(\"expression\", def(\"Expression\"));","","    def(\"IfStatement\")","        .bases(\"Statement\")","        .build(\"test\", \"consequent\", \"alternate\")","        .field(\"test\", def(\"Expression\"))","        .field(\"consequent\", def(\"Statement\"))","        .field(\"alternate\", or(def(\"Statement\"), null), defaults[\"null\"]);","","    def(\"LabeledStatement\")","        .bases(\"Statement\")","        .build(\"label\", \"body\")","        .field(\"label\", def(\"Identifier\"))","        .field(\"body\", def(\"Statement\"));","","    def(\"BreakStatement\")","        .bases(\"Statement\")","        .build(\"label\")","        .field(\"label\", or(def(\"Identifier\"), null), defaults[\"null\"]);","","    def(\"ContinueStatement\")","        .bases(\"Statement\")","        .build(\"label\")","        .field(\"label\", or(def(\"Identifier\"), null), defaults[\"null\"]);","","    def(\"WithStatement\")","        .bases(\"Statement\")","        .build(\"object\", \"body\")","        .field(\"object\", def(\"Expression\"))","        .field(\"body\", def(\"Statement\"));","","    def(\"SwitchStatement\")","        .bases(\"Statement\")","        .build(\"discriminant\", \"cases\", \"lexical\")","        .field(\"discriminant\", def(\"Expression\"))","        .field(\"cases\", [def(\"SwitchCase\")])","        .field(\"lexical\", Boolean, defaults[\"false\"]);","","    def(\"ReturnStatement\")","        .bases(\"Statement\")","        .build(\"argument\")","        .field(\"argument\", or(def(\"Expression\"), null));","","    def(\"ThrowStatement\")","        .bases(\"Statement\")","        .build(\"argument\")","        .field(\"argument\", def(\"Expression\"));","","    def(\"TryStatement\")","        .bases(\"Statement\")","        .build(\"block\", \"handler\", \"finalizer\")","        .field(\"block\", def(\"BlockStatement\"))","        .field(\"handler\", or(def(\"CatchClause\"), null), function () {","            return this.handlers && this.handlers[0] || null;","        })","        .field(\"handlers\", [def(\"CatchClause\")], function () {","            return this.handler ? [this.handler] : [];","        }, true) // Indicates this field is hidden from eachField iteration.","        .field(\"guardedHandlers\", [def(\"CatchClause\")], defaults.emptyArray)","        .field(\"finalizer\", or(def(\"BlockStatement\"), null), defaults[\"null\"]);","","    def(\"CatchClause\")","        .bases(\"Node\")","        .build(\"param\", \"guard\", \"body\")","        .field(\"param\", def(\"Pattern\"))","        .field(\"guard\", or(def(\"Expression\"), null), defaults[\"null\"])","        .field(\"body\", def(\"BlockStatement\"));","","    def(\"WhileStatement\")","        .bases(\"Statement\")","        .build(\"test\", \"body\")","        .field(\"test\", def(\"Expression\"))","        .field(\"body\", def(\"Statement\"));","","    def(\"DoWhileStatement\")","        .bases(\"Statement\")","        .build(\"body\", \"test\")","        .field(\"body\", def(\"Statement\"))","        .field(\"test\", def(\"Expression\"));","","    def(\"ForStatement\")","        .bases(\"Statement\")","        .build(\"init\", \"test\", \"update\", \"body\")","        .field(\"init\", or(","            def(\"VariableDeclaration\"),","            def(\"Expression\"),","            null))","        .field(\"test\", or(def(\"Expression\"), null))","        .field(\"update\", or(def(\"Expression\"), null))","        .field(\"body\", def(\"Statement\"));","","    def(\"ForInStatement\")","        .bases(\"Statement\")","        .build(\"left\", \"right\", \"body\")","        .field(\"left\", or(","            def(\"VariableDeclaration\"),","            def(\"Expression\")))","        .field(\"right\", def(\"Expression\"))","        .field(\"body\", def(\"Statement\"));","","    def(\"DebuggerStatement\").bases(\"Statement\").build();","","    def(\"Declaration\").bases(\"Statement\");","","    def(\"FunctionDeclaration\")","        .bases(\"Function\", \"Declaration\")","        .build(\"id\", \"params\", \"body\")","        .field(\"id\", def(\"Identifier\"));","","    def(\"FunctionExpression\")","        .bases(\"Function\", \"Expression\")","        .build(\"id\", \"params\", \"body\");","","    def(\"VariableDeclaration\")","        .bases(\"Declaration\")","        .build(\"kind\", \"declarations\")","        .field(\"kind\", or(\"var\", \"let\", \"const\"))","        .field(\"declarations\", [def(\"VariableDeclarator\")]);","","    def(\"VariableDeclarator\")","        .bases(\"Node\")","        .build(\"id\", \"init\")","        .field(\"id\", def(\"Pattern\"))","        .field(\"init\", or(def(\"Expression\"), null));","","    // TODO Are all Expressions really Patterns?","    def(\"Expression\").bases(\"Node\", \"Pattern\");","","    def(\"ThisExpression\").bases(\"Expression\").build();","","    def(\"ArrayExpression\")","        .bases(\"Expression\")","        .build(\"elements\")","        .field(\"elements\", [or(def(\"Expression\"), null)]);","","    def(\"ObjectExpression\")","        .bases(\"Expression\")","        .build(\"properties\")","        .field(\"properties\", [def(\"Property\")]);","","    // TODO Not in the Mozilla Parser API, but used by Esprima.","    def(\"Property\")","        .bases(\"Node\") // Want to be able to visit Property Nodes.","        .build(\"kind\", \"key\", \"value\")","        .field(\"kind\", or(\"init\", \"get\", \"set\"))","        .field(\"key\", or(def(\"Literal\"), def(\"Identifier\")))","        .field(\"value\", def(\"Expression\"));","","    def(\"SequenceExpression\")","        .bases(\"Expression\")","        .build(\"expressions\")","        .field(\"expressions\", [def(\"Expression\")]);","","    var UnaryOperator = or(","        \"-\", \"+\", \"!\", \"~\",","        \"typeof\", \"void\", \"delete\");","","    def(\"UnaryExpression\")","        .bases(\"Expression\")","        .build(\"operator\", \"argument\", \"prefix\")","        .field(\"operator\", UnaryOperator)","        .field(\"argument\", def(\"Expression\"))","        // Esprima doesn't bother with this field, presumably because it's","        // always true for unary operators.","        .field(\"prefix\", Boolean, defaults[\"true\"]);","","    var BinaryOperator = or(","        \"==\", \"!=\", \"===\", \"!==\",","        \"<\", \"<=\", \">\", \">=\",","        \"<<\", \">>\", \">>>\",","        \"+\", \"-\", \"*\", \"/\", \"%\",","        \"&\", // TODO Missing from the Parser API.","        \"|\", \"^\", \"in\",","        \"instanceof\", \"..\");","","    def(\"BinaryExpression\")","        .bases(\"Expression\")","        .build(\"operator\", \"left\", \"right\")","        .field(\"operator\", BinaryOperator)","        .field(\"left\", def(\"Expression\"))","        .field(\"right\", def(\"Expression\"));","","    var AssignmentOperator = or(","        \"=\", \"+=\", \"-=\", \"*=\", \"/=\", \"%=\",","        \"<<=\", \">>=\", \">>>=\",","        \"|=\", \"^=\", \"&=\");","","    def(\"AssignmentExpression\")","        .bases(\"Expression\")","        .build(\"operator\", \"left\", \"right\")","        .field(\"operator\", AssignmentOperator)","        .field(\"left\", def(\"Pattern\"))","        .field(\"right\", def(\"Expression\"));","","    var UpdateOperator = or(\"++\", \"--\");","","    def(\"UpdateExpression\")","        .bases(\"Expression\")","        .build(\"operator\", \"argument\", \"prefix\")","        .field(\"operator\", UpdateOperator)","        .field(\"argument\", def(\"Expression\"))","        .field(\"prefix\", Boolean);","","    var LogicalOperator = or(\"||\", \"&&\");","","    def(\"LogicalExpression\")","        .bases(\"Expression\")","        .build(\"operator\", \"left\", \"right\")","        .field(\"operator\", LogicalOperator)","        .field(\"left\", def(\"Expression\"))","        .field(\"right\", def(\"Expression\"));","","    def(\"ConditionalExpression\")","        .bases(\"Expression\")","        .build(\"test\", \"consequent\", \"alternate\")","        .field(\"test\", def(\"Expression\"))","        .field(\"consequent\", def(\"Expression\"))","        .field(\"alternate\", def(\"Expression\"));","","    def(\"NewExpression\")","        .bases(\"Expression\")","        .build(\"callee\", \"arguments\")","        .field(\"callee\", def(\"Expression\"))","        // The Mozilla Parser API gives this type as [or(def(\"Expression\"),","        // null)], but null values don't really make sense at the call site.","        // TODO Report this nonsense.","        .field(\"arguments\", [def(\"Expression\")]);","","    def(\"CallExpression\")","        .bases(\"Expression\")","        .build(\"callee\", \"arguments\")","        .field(\"callee\", def(\"Expression\"))","        // See comment for NewExpression above.","        .field(\"arguments\", [def(\"Expression\")]);","","    def(\"MemberExpression\")","        .bases(\"Expression\")","        .build(\"object\", \"property\", \"computed\")","        .field(\"object\", def(\"Expression\"))","        .field(\"property\", or(def(\"Identifier\"), def(\"Expression\")))","        .field(\"computed\", Boolean, function () {","            var type = this.property.type;","            if (type === 'Literal' ||","                type === 'MemberExpression' ||","                type === 'BinaryExpression') {","                return true;","            }","            return false;","        });","","    def(\"Pattern\").bases(\"Node\");","","    def(\"SwitchCase\")","        .bases(\"Node\")","        .build(\"test\", \"consequent\")","        .field(\"test\", or(def(\"Expression\"), null))","        .field(\"consequent\", [def(\"Statement\")]);","","    def(\"Identifier\")","        // But aren't Expressions and Patterns already Nodes? TODO Report this.","        .bases(\"Node\", \"Expression\", \"Pattern\")","        .build(\"name\")","        .field(\"name\", String);","","    def(\"Literal\")","        // But aren't Expressions already Nodes? TODO Report this.","        .bases(\"Node\", \"Expression\")","        .build(\"value\")","        .field(\"value\", or(String, Boolean, null, Number, RegExp))","        .field(\"regex\", or({","            pattern: String,","            flags: String","        }, null), function () {","            if (this.value instanceof RegExp) {","                var flags = \"\";","","                if (this.value.ignoreCase) flags += \"i\";","                if (this.value.multiline) flags += \"m\";","                if (this.value.global) flags += \"g\";","","                return {","                    pattern: this.value.source,","                    flags: flags","                };","            }","","            return null;","        });","","    // Abstract (non-buildable) comment supertype. Not a Node.","    def(\"Comment\")","        .bases(\"Printable\")","        .field(\"value\", String)","        // A .leading comment comes before the node, whereas a .trailing","        // comment comes after it. These two fields should not both be true,","        // but they might both be false when the comment falls inside a node","        // and the node has no children for the comment to lead or trail,","        // e.g. { /*dangling*/ }.","        .field(\"leading\", Boolean, defaults[\"true\"])","        .field(\"trailing\", Boolean, defaults[\"false\"]);","};"],"l":{"1":1,"2":1,"3":1,"4":1,"5":1,"6":1,"7":1,"8":1,"12":1,"18":1,"26":1,"32":1,"37":1,"43":1,"48":1,"54":1,"58":1,"60":1,"67":1,"72":1,"79":1,"85":1,"90":1,"95":1,"101":1,"108":1,"113":1,"118":1,"123":0,"126":0,"131":1,"138":1,"144":1,"150":1,"161":1,"170":1,"172":1,"174":1,"179":1,"183":1,"189":1,"196":1,"198":1,"200":1,"205":1,"211":1,"218":1,"223":1,"227":1,"236":1,"245":1,"252":1,"257":1,"264":1,"266":1,"273":1,"275":1,"282":1,"289":1,"298":1,"305":1,"311":0,"312":0,"315":0,"317":0,"320":1,"322":1,"328":1,"334":1,"343":0,"344":0,"346":0,"347":0,"348":0,"350":0,"356":0,"360":1}},"/home/travis/build/npmtest/node-npmtest-ast-types/node_modules/ast-types/def/es6.js":{"path":"/home/travis/build/npmtest/node-npmtest-ast-types/node_modules/ast-types/def/es6.js","s":{"1":1,"2":1,"3":1,"4":1,"5":1,"6":1,"7":1,"8":1,"9":1,"10":1,"11":1,"12":1,"13":1,"14":1,"15":1,"16":1,"17":1,"18":1,"19":1,"20":1,"21":1,"22":1,"23":1,"24":1,"25":1,"26":1,"27":1,"28":1,"29":1,"30":1,"31":1,"32":1,"33":1,"34":1,"35":1,"36":1,"37":1,"38":1,"39":1},"b":{},"f":{"1":1},"fnMap":{"1":{"name":"(anonymous_1)","line":1,"loc":{"start":{"line":1,"column":17},"end":{"line":1,"column":33}}}},"statementMap":{"1":{"start":{"line":1,"column":0},"end":{"line":228,"column":2}},"2":{"start":{"line":2,"column":2},"end":{"line":2,"column":30}},"3":{"start":{"line":3,"column":2},"end":{"line":3,"column":48}},"4":{"start":{"line":4,"column":2},"end":{"line":4,"column":27}},"5":{"start":{"line":5,"column":2},"end":{"line":5,"column":25}},"6":{"start":{"line":6,"column":2},"end":{"line":6,"column":61}},"7":{"start":{"line":8,"column":2},"end":{"line":13,"column":66}},"8":{"start":{"line":16,"column":2},"end":{"line":19,"column":39}},"9":{"start":{"line":21,"column":2},"end":{"line":24,"column":39}},"10":{"start":{"line":26,"column":2},"end":{"line":27,"column":62}},"11":{"start":{"line":29,"column":2},"end":{"line":30,"column":62}},"12":{"start":{"line":34,"column":2},"end":{"line":44,"column":50}},"13":{"start":{"line":46,"column":2},"end":{"line":53,"column":37}},"14":{"start":{"line":55,"column":2},"end":{"line":59,"column":51}},"15":{"start":{"line":61,"column":2},"end":{"line":66,"column":50}},"16":{"start":{"line":68,"column":2},"end":{"line":73,"column":50}},"17":{"start":{"line":75,"column":2},"end":{"line":80,"column":28}},"18":{"start":{"line":82,"column":2},"end":{"line":87,"column":51}},"19":{"start":{"line":89,"column":2},"end":{"line":94,"column":51}},"20":{"start":{"line":96,"column":2},"end":{"line":99,"column":72}},"21":{"start":{"line":101,"column":2},"end":{"line":104,"column":51}},"22":{"start":{"line":106,"column":2},"end":{"line":113,"column":49}},"23":{"start":{"line":115,"column":2},"end":{"line":118,"column":42}},"24":{"start":{"line":120,"column":2},"end":{"line":126,"column":8}},"25":{"start":{"line":128,"column":2},"end":{"line":129,"column":71}},"26":{"start":{"line":131,"column":2},"end":{"line":132,"column":71}},"27":{"start":{"line":140,"column":2},"end":{"line":144,"column":39}},"28":{"start":{"line":146,"column":2},"end":{"line":151,"column":4}},"29":{"start":{"line":153,"column":2},"end":{"line":157,"column":51}},"30":{"start":{"line":159,"column":2},"end":{"line":163,"column":43}},"31":{"start":{"line":165,"column":2},"end"
[...]
s":[{"start":{"line":239,"column":16},"end":{"line":239,"column":16}},{"start":{"line":239,"column":16},"end":{"line":239,"column":16}}]},"24":{"line":254,"type":"if","locations":[{"start":{"line":254,"column":8},"end":{"line":254,"column":8}},{"start":{"line":254,"column":8},"end":{"line":254,"column":8}}]},"25":{"line":261,"type":"if","locations":[{"start":{"line":261,"column":8},"end":{"line":261,"column":8}},{"start":{"line":261,"column":8},"end":{"line":261,"column":8}}]},"26":{"line":278,"type":"if","locations":[{"start":{"line":278,"column":12},"end":{"line":278,"column":12}},{"start":{"line":278,"column":12},"end":{"line":278,"column":12}}]},"27":{"line":281,"type":"if","locations":[{"start":{"line":281,"column":12},"end":{"line":281,"column":12}},{"start":{"line":281,"column":12},"end":{"line":281,"column":12}}]},"28":{"line":284,"type":"if","locations":[{"start":{"line":284,"column":12},"end":{"line":284,"column":12}},{"start":{"line":284,"column":12},"end":{"line":284,"column":12}}]},"29":{"line":301,"type":"if","locations":[{"start":{"line":301,"column":8},"end":{"line":301,"column":8}},{"start":{"line":301,"column":8},"end":{"line":301,"column":8}}]},"30":{"line":322,"type":"if","locations":[{"start":{"line":322,"column":10},"end":{"line":322,"column":10}},{"start":{"line":322,"column":10},"end":{"line":322,"column":10}}]},"31":{"line":325,"type":"if","locations":[{"start":{"line":325,"column":10},"end":{"line":325,"column":10}},{"start":{"line":325,"column":10},"end":{"line":325,"column":10}}]},"32":{"line":337,"type":"if","locations":[{"start":{"line":337,"column":10},"end":{"line":337,"column":10}},{"start":{"line":337,"column":10},"end":{"line":337,"column":10}}]},"33":{"line":340,"type":"if","locations":[{"start":{"line":340,"column":10},"end":{"line":340,"column":10}},{"start":{"line":340,"column":10},"end":{"line":340,"column":10}}]},"34":{"line":346,"type":"if","locations":[{"start":{"line":346,"column":10},"end":{"line":346,"column":10}},{"start":{"line":346,"column":10},"end":{"line":346,"column":10}}]},"35":{"line":352,"type":"if","locations":[{"start":{"line":352,"column":17},"end":{"line":352,"column":17}},{"start":{"line":352,"column":17},"end":{"line":352,"column":17}}]},"36":{"line":357,"type":"if","locations":[{"start":{"line":357,"column":14},"end":{"line":357,"column":14}},{"start":{"line":357,"column":14},"end":{"line":357,"column":14}}]},"37":{"line":364,"type":"if","locations":[{"start":{"line":364,"column":10},"end":{"line":364,"column":10}},{"start":{"line":364,"column":10},"end":{"line":364,"column":10}}]},"38":{"line":371,"type":"binary-expr","locations":[{"start":{"line":371,"column":17},"end":{"line":371,"column":21}},{"start":{"line":371,"column":25},"end":{"line":371,"column":35}}]},"39":{"line":376,"type":"if","locations":[{"start":{"line":376,"column":10},"end":{"line":376,"column":10}},{"start":{"line":376,"column":10},"end":{"line":376,"column":10}}]},"40":{"line":379,"type":"if","locations":[{"start":{"line":379,"column":10},"end":{"line":379,"column":10}},{"start":{"line":379,"column":10},"end":{"line":379,"column":10}}]},"41":{"line":382,"type":"if","locations":[{"start":{"line":382,"column":10},"end":{"line":382,"column":10}},{"start":{"line":382,"column":10},"end":{"line":382,"column":10}}]},"42":{"line":389,"type":"binary-expr","locations":[{"start":{"line":389,"column":12},"end":{"line":389,"column":22}},{"start":{"line":389,"column":26},"end":{"line":389,"column":38}}]},"43":{"line":395,"type":"if","locations":[{"start":{"line":395,"column":10},"end":{"line":395,"column":10}},{"start":{"line":395,"column":10},"end":{"line":395,"column":10}}]},"44":{"line":398,"type":"if","locations":[{"start":{"line":398,"column":10},"end":{"line":398,"column":10}},{"start":{"line":398,"column":10},"end":{"line":398,"column":10}}]},"45":{"line":401,"type":"if","locations":[{"start":{"line":401,"column":10},"end":{"line":401,"column":10}},{"start":{"line":401,"column":10},"end":{"line":401,"column":10}}]},"46":{"line":408,"type":"binary-expr","locations":[{"start":{"line":408,"column":12},"end":{"line":408,"column":22}},{"start":{"line":408,"column":26},"end":{"line":408,"column":38}}]}},"code":["var hasOwn = Object.prototype.hasOwnProperty;","","module.exports = function (fork) {","    var types = fork.use(require(\"./types\"));","    var NodePath = fork.use(require(\"./node-path\"));","    var Printable = types.namedTypes.Printable;","    var isArray = types.builtInTypes.array;","    var isObject = types.builtInTypes.object;","    var isFunction = types.builtInTypes.function;","    var undefined;","","    function PathVisitor() {","        if (!(this instanceof PathVisitor)) {","            throw new Error(","              \"PathVisitor constructor cannot be invoked without 'new'\"","            );","        }","","        // Permanent state.","        this._reusableContextStack = [];","","        this._methodNameTable = computeMethodNameTable(this);","        this._shouldVisitComments =","          hasOwn.call(this._methodNameTable, \"Block\") ||","          hasOwn.call(this._methodNameTable, \"Line\");","","        this.Context = makeContextConstructor(this);","","        // State reset every time PathVisitor.prototype.visit is called.","        this._visiting = false;","        this._changeReported = false;","    }","","    function computeMethodNameTable(visitor) {","        var typeNames = Object.create(null);","","        for (var methodName in visitor) {","            if (/^visit[A-Z]/.test(methodName)) {","                typeNames[methodName.slice(\"visit\".length)] = true;","            }","        }","","        var supertypeTable = types.computeSupertypeLookupTable(typeNames);","        var methodNameTable = Object.create(null);","","        var typeNames = Object.keys(supertypeTable);","        var typeNameCount = typeNames.length;","        for (var i = 0; i < typeNameCount; ++i) {","            var typeName = typeNames[i];","            methodName = \"visit\" + supertypeTable[typeName];","            if (isFunction.check(visitor[methodName])) {","                methodNameTable[typeName] = methodName;","            }","        }","","        return methodNameTable;","    }","","    PathVisitor.fromMethodsObject = function fromMethodsObject(methods) {","        if (methods instanceof PathVisitor) {","            return methods;","        }","","        if (!isObject.check(methods)) {","            // An empty visitor?","            return new PathVisitor;","        }","","        function Visitor() {","            if (!(this instanceof Visitor)) {","                throw new Error(","                  \"Visitor constructor cannot be invoked without 'new'\"","                );","            }","            PathVisitor.call(this);","        }","","        var Vp = Visitor.prototype = Object.create(PVp);","        Vp.constructor = Visitor;","","        extend(Vp, methods);","        extend(Visitor, PathVisitor);","","        isFunction.assert(Visitor.fromMethodsObject);","        isFunction.assert(Visitor.visit);","","        return new Visitor;","    };","","    function extend(target, source) {","        for (var property in source) {","            if (hasOwn.call(source, property)) {","                target[property] = source[property];","            }","        }","","        return target;","    }","","    PathVisitor.visit = function visit(node, methods) {","        return PathVisitor.fromMethodsObject(methods).visit(node);","    };","","    var PVp = PathVisitor.prototype;","","    PVp.visit = function () {","        if (this._visiting) {","            throw new Error(","              \"Recursively calling visitor.visit(path) resets visitor state. \" +","              \"Try this.visit(path) or this.traverse(path) instead.\"","            );","        }","","        // Private state that needs to be reset before every traversal.","        this._visiting = true;","        this._changeReported = false;","        this._abortRequested = false;","","        var argc = arguments.length;","        var args = new Array(argc)","        for (var i = 0; i < argc; ++i) {","            args[i] = arguments[i];","        }","","        if (!(args[0] instanceof NodePath)) {","            args[0] = new NodePath({root: args[0]}).get(\"root\");","        }","","        // Called with the same arguments as .visit.","        this.reset.apply(this, args);","","        try {","            var root = this.visitWithoutReset(args[0]);","            var didNotThrow = true;","        } finally {","            this._visiting = false;","","            if (!didNotThrow && this._abortRequested) {","                // If this.visitWithoutReset threw an exception and","                // this._abortRequested was set to true, return the root of","                // the AST instead of letting the exception propagate, so that","                // client code does not have to provide a try-catch block to","                // intercept the AbortRequest exception.  Other kinds of","                // exceptions will propagate without being intercepted and","                // rethrown by a catch block, so their stacks will accurately","                // reflect the original throwing context.","                return args[0].value;","            }","        }","","        return root;","    };","","    PVp.AbortRequest = function AbortRequest() {};","    PVp.abort = function () {","        var visitor = this;","        visitor._abortRequested = true;","        var request = new visitor.AbortRequest();","","        // If you decide to catch this exception and stop it from propagating,","        // make sure to call its cancel method to avoid silencing other","        // exceptions that might be thrown later in the traversal.","        request.cancel = function () {","            visitor._abortRequested = false;","        };","","        throw request;","    };","","    PVp.reset = function (path/*, additional arguments */) {","        // Empty stub; may be reassigned or overridden by subclasses.","    };","","    PVp.visitWithoutReset = function (path) {","        if (this instanceof this.Context) {","            // Since this.Context.prototype === this, there's a chance we","            // might accidentally call context.visitWithoutReset. If that","            // happens, re-invoke the method against context.visitor.","            return this.visitor.visitWithoutReset(path);","        }","","        if (!(path instanceof NodePath)) {","            throw new Error(\"\");","        }","","        var value = path.value;","","        var methodName = value &&","          typeof value === \"object\" &&","          typeof value.type === \"string\" &&","          this._methodNameTable[value.type];","","        if (methodName) {","            var context = this.acquireContext(path);","            try {","                return context.invokeVisitorMethod(methodName);","            } finally {","                this.releaseContext(context);","            }","","        } else {","            // If there was no visitor method to call, visit the children of","            // this node generically.","            return visitChildren(path, this);","        }","    };","","    function visitChildren(path, visitor) {","        if (!(path instanceof NodePath)) {","            throw new Error(\"\");","        }","        if (!(visitor instanceof PathVisitor)) {","            throw new Error(\"\");","        }","","        var value = path.value;","","        if (isArray.check(value)) {","            path.each(visitor.visitWithoutReset, visitor);","        } else if (!isObject.check(value)) {","            // No children to visit.","        } else {","            var childNames = types.getFieldNames(value);","","            // The .comments field of the Node type is hidden, so we only","            // visit it if the visitor defines visitBlock or visitLine, and","            // value.comments is defined.","            if (visitor._shouldVisitComments &&","              value.comments &&","              childNames.indexOf(\"comments\") < 0) {","                childNames.push(\"comments\");","            }","","            var childCount = childNames.length;","            var childPaths = [];","","            for (var i = 0; i < childCount; ++i) {","                var childName = childNames[i];","                if (!hasOwn.call(value, childName)) {","                    value[childName] = types.getFieldValue(value, childName);","                }","                childPaths.push(path.get(childName));","            }","","            for (var i = 0; i < childCount; ++i) {","                visitor.visitWithoutReset(childPaths[i]);","            }","        }","","        return path.value;","    }","","    PVp.acquireContext = function (path) {","        if (this._reusableContextStack.length === 0) {","            return new this.Context(path);","        }","        return this._reusableContextStack.pop().reset(path);","    };","","    PVp.releaseContext = function (context) {","        if (!(context instanceof this.Context)) {","            throw new Error(\"\");","        }","        this._reusableContextStack.push(context);","        context.currentPath = null;","    };","","    PVp.reportChanged = function () {","        this._changeReported = true;","    };","","    PVp.wasChangeReported = function () {","        return this._changeReported;","    };","","    function makeContextConstructor(visitor) {","        function Context(path) {","            if (!(this instanceof Context)) {","                throw new Error(\"\");","            }","            if (!(this instanceof PathVisitor)) {","                throw new Error(\"\");","            }","            if (!(path instanceof NodePath)) {","                throw new Error(\"\");","            }","","            Object.defineProperty(this, \"visitor\", {","                value: visitor,","                writable: false,","                enumerable: true,","                configurable: false","            });","","            this.currentPath = path;","            this.needToCallTraverse = true;","","            Object.seal(this);","        }","","        if (!(visitor instanceof PathVisitor)) {","            throw new Error(\"\");","        }","","        // Note that the visitor object is the prototype of Context.prototype,","        // so all visitor methods are inherited by context objects.","        var Cp = Context.prototype = Object.create(visitor);","","        Cp.constructor = Context;","        extend(Cp, sharedContextProtoMethods);","","        return Context;","    }","","// Every PathVisitor has a different this.Context constructor and","// this.Context.prototype object, but those prototypes can all use the","// same reset, invokeVisitorMethod, and traverse function objects.","    var sharedContextProtoMethods = Object.create(null);","","    sharedContextProtoMethods.reset =","      function reset(path) {","          if (!(this instanceof this.Context)) {","              throw new Error(\"\");","          }","          if (!(path instanceof NodePath)) {","              throw new Error(\"\");","          }","","          this.currentPath = path;","          this.needToCallTraverse = true;","","          return this;","      };","","    sharedContextProtoMethods.invokeVisitorMethod =","      function invokeVisitorMethod(methodName) {","          if (!(this instanceof this.Context)) {","              throw new Error(\"\");","          }","          if (!(this.currentPath instanceof NodePath)) {","              throw new Error(\"\");","          }","","          var result = this.visitor[methodName].call(this, this.currentPath);","","          if (result === false) {","              // Visitor methods return false to indicate that they have handled","              // their own traversal needs, and we should not complain if","              // this.needToCallTraverse is still true.","              this.needToCallTraverse = false;","","          } else if (result !== undefined) {","              // Any other non-undefined value returned from the visitor method","              // is interpreted as a replacement value.","              this.currentPath = this.currentPath.replace(result)[0];","","              if (this.needToCallTraverse) {","                  // If this.traverse still hasn't been called, visit the","                  // children of the replacement node.","                  this.traverse(this.currentPath);","              }","          }","","          if (this.needToCallTraverse !== false) {","              throw new Error(","                \"Must either call this.traverse or return false in \" + methodName","              );","          }","","          var path = this.currentPath;","          return path && path.value;","      };","","    sharedContextProtoMethods.traverse =","      function traverse(path, newVisitor) {","          if (!(this instanceof this.Context)) {","              throw new Error(\"\");","          }","          if (!(path instanceof NodePath)) {","              throw new Error(\"\");","          }","          if (!(this.currentPath instanceof NodePath)) {","              throw new Error(\"\");","          }","","          this.needToCallTraverse = false;","","          return visitChildren(path, PathVisitor.fromMethodsObject(","            newVisitor || this.visitor","          ));","      };","","    sharedContextProtoMethods.visit =","      function visit(path, newVisitor) {","          if (!(this instanceof this.Context)) {","              throw new Error(\"\");","          }","          if (!(path instanceof NodePath)) {","              throw new Error(\"\");","          }","          if (!(this.currentPath instanceof NodePath)) {","              throw new Error(\"\");","          }","","          this.needToCallTraverse = false;","","          return PathVisitor.fromMethodsObject(","            newVisitor || this.visitor","          ).visitWithoutReset(path);","      };","","    sharedContextProtoMethods.reportChanged = function reportChanged() {","        this.visitor.reportChanged();","    };","","    sharedContextProtoMethods.abort = function abort() {","        this.needToCallTraverse = false;","        this.visitor.abort();","    };","","    return PathVisitor;","};",""],"l":{"1":1,"3":1,"4":1,"5":1,"6":1,"7":1,"8":1,"9":1,"10":1,"12":1,"13":0,"14":0,"20":0,"22":0,"23":0,"27":0,"30":0,"31":0,"34":1,"35":0,"37":0,"38":0,"39":0,"43":0,"44":0,"46":0,"47":0,"48":0,"49":0,"50":0,"51":0,"52":0,"56":0,"59":1,"60":0,"61":0,"64":0,"66":0,"69":1,"70":0,"71":0,"75":0,"78":0,"79":0,"81":0,"82":0,"84":0,"85":0,"87":0,"90":1,"91":0,"92":0,"93":0,"97":0,"100":1,"101":0,"104":1,"106":1,"107":0,"108":0,"115":0,"116":0,"117":0,"119":0,"120":0,"121":0,"122":0,"125":0,"126":0,"130":0,"132":0,"133":0,"134":0,"136":0,"138":0,"147":0,"151":0,"154":1,"155":1,"156":0,"157":0,"158":0,"163":0,"164":0,"167":0,"170":1,"174":1,"175":0,"179":0,"182":0,"183":0,"186":0,"188":0,"193":0,"194":0,"195":0,"196":0,"198":0,"204":0,"208":1,"209":0,"210":0,"212":0,"213":0,"216":0,"218":0,"219":0,"220":0,"223":0,"228":0,"231":0,"234":0,"235":0,"237":0,"238":0,"239":0,"240":0,"242":0,"245":0,"246":0,"250":0,"253":1,"254":0,"255":0,"257":0,"260":1,"261":0,"262":0,"264":0,"265":0,"268":1,"269":0,"272":1,"273":0,"276":1,"277":1,"278":0,"279":0,"281":0,"282":0,"284":0,"285":0,"288":0,"295":0,"296":0,"298":0,"301":0,"302":0,"307":0,"309":0,"310":0,"312":0,"318":1,"320":1,"322":0,"323":0,"325":0,"326":0,"329":0,"330":0,"332":0,"335":1,"337":0,"338":0,"340":0,"341":0,"344":0,"346":0,"350":0,"352":0,"355":0,"357":0,"360":0,"364":0,"365":0,"370":0,"371":0,"374":1,"376":0,"377":0,"379":0,"380":0,"382":0,"383":0,"386":0,"388":0,"393":1,"395":0,"396":0,"398":0,"399":0,"401":0,"402":0,"405":0,"407":0,"412":1,"413":0,"416":1,"417":0,"418":0,"421":1}}}